This is pdfTeX, Version 3.1415926-2.3-1.40.12 (MiKTeX 2.9) (preloaded format=pdflatex 2012.12.11)  19 JUN 2015 21:46
entering extended mode
**C:/Users/Romilly/Desktop/phd/report/weyl-fermions/weyl-fermions.tex
(C:/Users/Romilly/Desktop/phd/report/weyl-fermions/weyl-fermions.tex
LaTeX2e <2011/06/27>
Babel <v3.8m> and hyphenation patterns for english, afrikaans, ancientgreek, ar
abic, armenian, assamese, basque, bengali, bokmal, bulgarian, catalan, coptic, 
croatian, czech, danish, dutch, esperanto, estonian, farsi, finnish, french, ga
lician, german, german-x-2009-06-19, greek, gujarati, hindi, hungarian, iceland
ic, indonesian, interlingua, irish, italian, kannada, kurmanji, lao, latin, lat
vian, lithuanian, malayalam, marathi, mongolian, mongolianlmc, monogreek, ngerm
an, ngerman-x-2009-06-19, nynorsk, oriya, panjabi, pinyin, polish, portuguese, 
romanian, russian, sanskrit, serbian, slovak, slovenian, spanish, swedish, swis
sgerman, tamil, telugu, turkish, turkmen, ukenglish, ukrainian, uppersorbian, u
senglishmax, welsh, loaded.
("C:\Program Files (x86)\MiKTeX 2.9\tex\latex\base\report.cls"
Document Class: report 2007/10/19 v1.4h Standard LaTeX document class
("C:\Program Files (x86)\MiKTeX 2.9\tex\latex\base\size12.clo"
File: size12.clo 2007/10/19 v1.4h Standard LaTeX file (size option)
)
\c@part=\count79
\c@chapter=\count80
\c@section=\count81
\c@subsection=\count82
\c@subsubsection=\count83
\c@paragraph=\count84
\c@subparagraph=\count85
\c@figure=\count86
\c@table=\count87
\abovecaptionskip=\skip41
\belowcaptionskip=\skip42
\bibindent=\dimen102
)
("C:\Program Files (x86)\MiKTeX 2.9\tex\latex\base\inputenc.sty"
Package: inputenc 2008/03/30 v1.1d Input encoding file
\inpenc@prehook=\toks14
\inpenc@posthook=\toks15

("C:\Program Files (x86)\MiKTeX 2.9\tex\latex\base\utf8.def"
File: utf8.def 2008/04/05 v1.1m UTF-8 support for inputenc
Now handling font encoding OML ...
... no UTF-8 mapping file for font encoding OML
Now handling font encoding T1 ...
... processing UTF-8 mapping file for font encoding T1

("C:\Program Files (x86)\MiKTeX 2.9\tex\latex\base\t1enc.dfu"
File: t1enc.dfu 2008/04/05 v1.1m UTF-8 support for inputenc
   defining Unicode char U+00A1 (decimal 161)
   defining Unicode char U+00A3 (decimal 163)
   defining Unicode char U+00AB (decimal 171)
   defining Unicode char U+00BB (decimal 187)
   defining Unicode char U+00BF (decimal 191)
   defining Unicode char U+00C0 (decimal 192)
   defining Unicode char U+00C1 (decimal 193)
   defining Unicode char U+00C2 (decimal 194)
   defining Unicode char U+00C3 (decimal 195)
   defining Unicode char U+00C4 (decimal 196)
   defining Unicode char U+00C5 (decimal 197)
   defining Unicode char U+00C6 (decimal 198)
   defining Unicode char U+00C7 (decimal 199)
   defining Unicode char U+00C8 (decimal 200)
   defining Unicode char U+00C9 (decimal 201)
   defining Unicode char U+00CA (decimal 202)
   defining Unicode char U+00CB (decimal 203)
   defining Unicode char U+00CC (decimal 204)
   defining Unicode char U+00CD (decimal 205)
   defining Unicode char U+00CE (decimal 206)
   defining Unicode char U+00CF (decimal 207)
   defining Unicode char U+00D0 (decimal 208)
   defining Unicode char U+00D1 (decimal 209)
   defining Unicode char U+00D2 (decimal 210)
   defining Unicode char U+00D3 (decimal 211)
   defining Unicode char U+00D4 (decimal 212)
   defining Unicode char U+00D5 (decimal 213)
   defining Unicode char U+00D6 (decimal 214)
   defining Unicode char U+00D8 (decimal 216)
   defining Unicode char U+00D9 (decimal 217)
   defining Unicode char U+00DA (decimal 218)
   defining Unicode char U+00DB (decimal 219)
   defining Unicode char U+00DC (decimal 220)
   defining Unicode char U+00DD (decimal 221)
   defining Unicode char U+00DE (decimal 222)
   defining Unicode char U+00DF (decimal 223)
   defining Unicode char U+00E0 (decimal 224)
   defining Unicode char U+00E1 (decimal 225)
   defining Unicode char U+00E2 (decimal 226)
   defining Unicode char U+00E3 (decimal 227)
   defining Unicode char U+00E4 (decimal 228)
   defining Unicode char U+00E5 (decimal 229)
   defining Unicode char U+00E6 (decimal 230)
   defining Unicode char U+00E7 (decimal 231)
   defining Unicode char U+00E8 (decimal 232)
   defining Unicode char U+00E9 (decimal 233)
   defining Unicode char U+00EA (decimal 234)
   defining Unicode char U+00EB (decimal 235)
   defining Unicode char U+00EC (decimal 236)
   defining Unicode char U+00ED (decimal 237)
   defining Unicode char U+00EE (decimal 238)
   defining Unicode char U+00EF (decimal 239)
   defining Unicode char U+00F0 (decimal 240)
   defining Unicode char U+00F1 (decimal 241)
   defining Unicode char U+00F2 (decimal 242)
   defining Unicode char U+00F3 (decimal 243)
   defining Unicode char U+00F4 (decimal 244)
   defining Unicode char U+00F5 (decimal 245)
   defining Unicode char U+00F6 (decimal 246)
   defining Unicode char U+00F8 (decimal 248)
   defining Unicode char U+00F9 (decimal 249)
   defining Unicode char U+00FA (decimal 250)
   defining Unicode char U+00FB (decimal 251)
   defining Unicode char U+00FC (decimal 252)
   defining Unicode char U+00FD (decimal 253)
   defining Unicode char U+00FE (decimal 254)
   defining Unicode char U+00FF (decimal 255)
   defining Unicode char U+0102 (decimal 258)
   defining Unicode char U+0103 (decimal 259)
   defining Unicode char U+0104 (decimal 260)
   defining Unicode char U+0105 (decimal 261)
   defining Unicode char U+0106 (decimal 262)
   defining Unicode char U+0107 (decimal 263)
   defining Unicode char U+010C (decimal 268)
   defining Unicode char U+010D (decimal 269)
   defining Unicode char U+010E (decimal 270)
   defining Unicode char U+010F (decimal 271)
   defining Unicode char U+0110 (decimal 272)
   defining Unicode char U+0111 (decimal 273)
   defining Unicode char U+0118 (decimal 280)
   defining Unicode char U+0119 (decimal 281)
   defining Unicode char U+011A (decimal 282)
   defining Unicode char U+011B (decimal 283)
   defining Unicode char U+011E (decimal 286)
   defining Unicode char U+011F (decimal 287)
   defining Unicode char U+0130 (decimal 304)
   defining Unicode char U+0131 (decimal 305)
   defining Unicode char U+0132 (decimal 306)
   defining Unicode char U+0133 (decimal 307)
   defining Unicode char U+0139 (decimal 313)
   defining Unicode char U+013A (decimal 314)
   defining Unicode char U+013D (decimal 317)
   defining Unicode char U+013E (decimal 318)
   defining Unicode char U+0141 (decimal 321)
   defining Unicode char U+0142 (decimal 322)
   defining Unicode char U+0143 (decimal 323)
   defining Unicode char U+0144 (decimal 324)
   defining Unicode char U+0147 (decimal 327)
   defining Unicode char U+0148 (decimal 328)
   defining Unicode char U+014A (decimal 330)
   defining Unicode char U+014B (decimal 331)
   defining Unicode char U+0150 (decimal 336)
   defining Unicode char U+0151 (decimal 337)
   defining Unicode char U+0152 (decimal 338)
   defining Unicode char U+0153 (decimal 339)
   defining Unicode char U+0154 (decimal 340)
   defining Unicode char U+0155 (decimal 341)
   defining Unicode char U+0158 (decimal 344)
   defining Unicode char U+0159 (decimal 345)
   defining Unicode char U+015A (decimal 346)
   defining Unicode char U+015B (decimal 347)
   defining Unicode char U+015E (decimal 350)
   defining Unicode char U+015F (decimal 351)
   defining Unicode char U+0160 (decimal 352)
   defining Unicode char U+0161 (decimal 353)
   defining Unicode char U+0162 (decimal 354)
   defining Unicode char U+0163 (decimal 355)
   defining Unicode char U+0164 (decimal 356)
   defining Unicode char U+0165 (decimal 357)
   defining Unicode char U+016E (decimal 366)
   defining Unicode char U+016F (decimal 367)
   defining Unicode char U+0170 (decimal 368)
   defining Unicode char U+0171 (decimal 369)
   defining Unicode char U+0178 (decimal 376)
   defining Unicode char U+0179 (decimal 377)
   defining Unicode char U+017A (decimal 378)
   defining Unicode char U+017B (decimal 379)
   defining Unicode char U+017C (decimal 380)
   defining Unicode char U+017D (decimal 381)
   defining Unicode char U+017E (decimal 382)
   defining Unicode char U+200C (decimal 8204)
   defining Unicode char U+2013 (decimal 8211)
   defining Unicode char U+2014 (decimal 8212)
   defining Unicode char U+2018 (decimal 8216)
   defining Unicode char U+2019 (decimal 8217)
   defining Unicode char U+201A (decimal 8218)
   defining Unicode char U+201C (decimal 8220)
   defining Unicode char U+201D (decimal 8221)
   defining Unicode char U+201E (decimal 8222)
   defining Unicode char U+2030 (decimal 8240)
   defining Unicode char U+2031 (decimal 8241)
   defining Unicode char U+2039 (decimal 8249)
   defining Unicode char U+203A (decimal 8250)
   defining Unicode char U+2423 (decimal 9251)
)
Now handling font encoding OT1 ...
... processing UTF-8 mapping file for font encoding OT1

("C:\Program Files (x86)\MiKTeX 2.9\tex\latex\base\ot1enc.dfu"
File: ot1enc.dfu 2008/04/05 v1.1m UTF-8 support for inputenc
   defining Unicode char U+00A1 (decimal 161)
   defining Unicode char U+00A3 (decimal 163)
   defining Unicode char U+00B8 (decimal 184)
   defining Unicode char U+00BF (decimal 191)
   defining Unicode char U+00C5 (decimal 197)
   defining Unicode char U+00C6 (decimal 198)
   defining Unicode char U+00D8 (decimal 216)
   defining Unicode char U+00DF (decimal 223)
   defining Unicode char U+00E6 (decimal 230)
   defining Unicode char U+00EC (decimal 236)
   defining Unicode char U+00ED (decimal 237)
   defining Unicode char U+00EE (decimal 238)
   defining Unicode char U+00EF (decimal 239)
   defining Unicode char U+00F8 (decimal 248)
   defining Unicode char U+0131 (decimal 305)
   defining Unicode char U+0141 (decimal 321)
   defining Unicode char U+0142 (decimal 322)
   defining Unicode char U+0152 (decimal 338)
   defining Unicode char U+0153 (decimal 339)
   defining Unicode char U+2013 (decimal 8211)
   defining Unicode char U+2014 (decimal 8212)
   defining Unicode char U+2018 (decimal 8216)
   defining Unicode char U+2019 (decimal 8217)
   defining Unicode char U+201C (decimal 8220)
   defining Unicode char U+201D (decimal 8221)
)
Now handling font encoding OMS ...
... processing UTF-8 mapping file for font encoding OMS

("C:\Program Files (x86)\MiKTeX 2.9\tex\latex\base\omsenc.dfu"
File: omsenc.dfu 2008/04/05 v1.1m UTF-8 support for inputenc
   defining Unicode char U+00A7 (decimal 167)
   defining Unicode char U+00B6 (decimal 182)
   defining Unicode char U+00B7 (decimal 183)
   defining Unicode char U+2020 (decimal 8224)
   defining Unicode char U+2021 (decimal 8225)
   defining Unicode char U+2022 (decimal 8226)
)
Now handling font encoding OMX ...
... no UTF-8 mapping file for font encoding OMX
Now handling font encoding U ...
... no UTF-8 mapping file for font encoding U
   defining Unicode char U+00A9 (decimal 169)
   defining Unicode char U+00AA (decimal 170)
   defining Unicode char U+00AE (decimal 174)
   defining Unicode char U+00BA (decimal 186)
   defining Unicode char U+02C6 (decimal 710)
   defining Unicode char U+02DC (decimal 732)
   defining Unicode char U+200C (decimal 8204)
   defining Unicode char U+2026 (decimal 8230)
   defining Unicode char U+2122 (decimal 8482)
   defining Unicode char U+2423 (decimal 9251)
))
("C:\Program Files (x86)\MiKTeX 2.9\tex\latex\ams\math\amsmath.sty"
Package: amsmath 2000/07/18 v2.13 AMS math features
\@mathmargin=\skip43

For additional information on amsmath, use the `?' option.
("C:\Program Files (x86)\MiKTeX 2.9\tex\latex\ams\math\amstext.sty"
Package: amstext 2000/06/29 v2.01

("C:\Program Files (x86)\MiKTeX 2.9\tex\latex\ams\math\amsgen.sty"
File: amsgen.sty 1999/11/30 v2.0
\@emptytoks=\toks16
\ex@=\dimen103
))
("C:\Program Files (x86)\MiKTeX 2.9\tex\latex\ams\math\amsbsy.sty"
Package: amsbsy 1999/11/29 v1.2d
\pmbraise@=\dimen104
)
("C:\Program Files (x86)\MiKTeX 2.9\tex\latex\ams\math\amsopn.sty"
Package: amsopn 1999/12/14 v2.01 operator names
)
\inf@bad=\count88
LaTeX Info: Redefining \frac on input line 211.
\uproot@=\count89
\leftroot@=\count90
LaTeX Info: Redefining \overline on input line 307.
\classnum@=\count91
\DOTSCASE@=\count92
LaTeX Info: Redefining \ldots on input line 379.
LaTeX Info: Redefining \dots on input line 382.
LaTeX Info: Redefining \cdots on input line 467.
\Mathstrutbox@=\box26
\strutbox@=\box27
\big@size=\dimen105
LaTeX Font Info:    Redeclaring font encoding OML on input line 567.
LaTeX Font Info:    Redeclaring font encoding OMS on input line 568.
\macc@depth=\count93
\c@MaxMatrixCols=\count94
\dotsspace@=\muskip10
\c@parentequation=\count95
\dspbrk@lvl=\count96
\tag@help=\toks17
\row@=\count97
\column@=\count98
\maxfields@=\count99
\andhelp@=\toks18
\eqnshift@=\dimen106
\alignsep@=\dimen107
\tagshift@=\dimen108
\tagwidth@=\dimen109
\totwidth@=\dimen110
\lineht@=\dimen111
\@envbody=\toks19
\multlinegap=\skip44
\multlinetaggap=\skip45
\mathdisplay@stack=\toks20
LaTeX Info: Redefining \[ on input line 2666.
LaTeX Info: Redefining \] on input line 2667.
)
("C:\Program Files (x86)\MiKTeX 2.9\tex\latex\amsfonts\amsfonts.sty"
Package: amsfonts 2009/06/22 v3.00 Basic AMSFonts support
\symAMSa=\mathgroup4
\symAMSb=\mathgroup5
LaTeX Font Info:    Overwriting math alphabet `\mathfrak' in version `bold'
(Font)                  U/euf/m/n --> U/euf/b/n on input line 96.
)
("C:\Program Files (x86)\MiKTeX 2.9\tex\latex\amsfonts\amssymb.sty"
Package: amssymb 2009/06/22 v3.00
)
("C:\Program Files (x86)\MiKTeX 2.9\tex\latex\geometry\geometry.sty"
Package: geometry 2010/09/12 v5.6 Page Geometry

("C:\Program Files (x86)\MiKTeX 2.9\tex\latex\graphics\keyval.sty"
Package: keyval 1999/03/16 v1.13 key=value parser (DPC)
\KV@toks@=\toks21
)
("C:\Program Files (x86)\MiKTeX 2.9\tex\generic\oberdiek\ifpdf.sty"
Package: ifpdf 2011/01/30 v2.3 Provides the ifpdf switch (HO)
Package ifpdf Info: pdfTeX in PDF mode is detected.
)
("C:\Program Files (x86)\MiKTeX 2.9\tex\generic\oberdiek\ifvtex.sty"
Package: ifvtex 2010/03/01 v1.5 Detect VTeX and its facilities (HO)
Package ifvtex Info: VTeX not detected.
)
("C:\Program Files (x86)\MiKTeX 2.9\tex\generic\ifxetex\ifxetex.sty"
Package: ifxetex 2010/09/12 v0.6 Provides ifxetex conditional
)
\Gm@cnth=\count100
\Gm@cntv=\count101
\c@Gm@tempcnt=\count102
\Gm@bindingoffset=\dimen112
\Gm@wd@mp=\dimen113
\Gm@odd@mp=\dimen114
\Gm@even@mp=\dimen115
\Gm@layoutwidth=\dimen116
\Gm@layoutheight=\dimen117
\Gm@layouthoffset=\dimen118
\Gm@layoutvoffset=\dimen119
\Gm@dimlist=\toks22

("C:\Program Files (x86)\MiKTeX 2.9\tex\latex\geometry\geometry.cfg"))
("C:\Program Files (x86)\MiKTeX 2.9\tex\latex\graphics\graphicx.sty"
Package: graphicx 1999/02/16 v1.0f Enhanced LaTeX Graphics (DPC,SPQR)

("C:\Program Files (x86)\MiKTeX 2.9\tex\latex\graphics\graphics.sty"
Package: graphics 2009/02/05 v1.0o Standard LaTeX Graphics (DPC,SPQR)

("C:\Program Files (x86)\MiKTeX 2.9\tex\latex\graphics\trig.sty"
Package: trig 1999/03/16 v1.09 sin cos tan (DPC)
)
("C:\Program Files (x86)\MiKTeX 2.9\tex\latex\00miktex\graphics.cfg"
File: graphics.cfg 2007/01/18 v1.5 graphics configuration of teTeX/TeXLive
)
Package graphics Info: Driver file: pdftex.def on input line 91.

("C:\Program Files (x86)\MiKTeX 2.9\tex\latex\pdftex-def\pdftex.def"
File: pdftex.def 2011/05/27 v0.06d Graphics/color for pdfTeX

("C:\Program Files (x86)\MiKTeX 2.9\tex\generic\oberdiek\infwarerr.sty"
Package: infwarerr 2010/04/08 v1.3 Providing info/warning/error messages (HO)
)
("C:\Program Files (x86)\MiKTeX 2.9\tex\generic\oberdiek\ltxcmds.sty"
Package: ltxcmds 2011/11/09 v1.22 LaTeX kernel commands for general use (HO)
)
\Gread@gobject=\count103
))
\Gin@req@height=\dimen120
\Gin@req@width=\dimen121
)
("C:\Program Files (x86)\MiKTeX 2.9\tex\latex\caption\caption.sty"
Package: caption 2012/02/19 v3.2f Customizing captions (AR)

("C:\Program Files (x86)\MiKTeX 2.9\tex\latex\caption\caption3.sty"
Package: caption3 2012/01/12 v1.4b caption3 kernel (AR)
\captionmargin=\dimen122
\captionmargin@=\dimen123
\captionwidth=\dimen124
\caption@indent=\dimen125
\caption@parindent=\dimen126
\caption@hangindent=\dimen127
)
\c@ContinuedFloat=\count104
)
("C:\Program Files (x86)\MiKTeX 2.9\tex\latex\caption\subcaption.sty"
Package: subcaption 2012/01/12 v1.1d Sub-captions (AR)
\c@subfigure=\count105
\c@subtable=\count106
)
("C:\Program Files (x86)\MiKTeX 2.9\tex\latex\tocbibind\tocbibind.sty"
Package: tocbibind 2010/10/13 v1.5k extra ToC listings
Package tocbibind Info: The document has chapter divisions on input line 50.


Package tocbibind Note: Using chapter style headings, unless overridden.

) (C:\Users\Romilly\Desktop\phd\report\weyl-fermions\weyl-fermions.aux)
LaTeX Font Info:    Checking defaults for OML/cmm/m/it on input line 13.
LaTeX Font Info:    ... okay on input line 13.
LaTeX Font Info:    Checking defaults for T1/cmr/m/n on input line 13.
LaTeX Font Info:    ... okay on input line 13.
LaTeX Font Info:    Checking defaults for OT1/cmr/m/n on input line 13.
LaTeX Font Info:    ... okay on input line 13.
LaTeX Font Info:    Checking defaults for OMS/cmsy/m/n on input line 13.
LaTeX Font Info:    ... okay on input line 13.
LaTeX Font Info:    Checking defaults for OMX/cmex/m/n on input line 13.
LaTeX Font Info:    ... okay on input line 13.
LaTeX Font Info:    Checking defaults for U/cmr/m/n on input line 13.
LaTeX Font Info:    ... okay on input line 13.

*geometry* driver: auto-detecting
*geometry* detected driver: pdftex
*geometry* verbose mode - [ preamble ] result:
* driver: pdftex
* paper: a4paper
* layout: <same size as paper>
* layoutoffset:(h,v)=(0.0pt,0.0pt)
* modes: 
* h-part:(L,W,R)=(71.13188pt, 455.24411pt, 71.13188pt)
* v-part:(T,H,B)=(71.13188pt, 702.78308pt, 71.13188pt)
* \paperwidth=597.50787pt
* \paperheight=845.04684pt
* \textwidth=455.24411pt
* \textheight=702.78308pt
* \oddsidemargin=-1.1381pt
* \evensidemargin=-1.1381pt
* \topmargin=-38.1381pt
* \headheight=12.0pt
* \headsep=25.0pt
* \topskip=12.0pt
* \footskip=30.0pt
* \marginparwidth=35.0pt
* \marginparsep=10.0pt
* \columnsep=10.0pt
* \skip\footins=10.8pt plus 4.0pt minus 2.0pt
* \hoffset=0.0pt
* \voffset=0.0pt
* \mag=1000
* \@twocolumnfalse
* \@twosidefalse
* \@mparswitchfalse
* \@reversemarginfalse
* (1in=72.27pt=25.4mm, 1cm=28.453pt)

("C:\Program Files (x86)\MiKTeX 2.9\tex\context\base\supp-pdf.mkii"
[Loading MPS to PDF converter (version 2006.09.02).]
\scratchcounter=\count107
\scratchdimen=\dimen128
\scratchbox=\box28
\nofMPsegments=\count108
\nofMParguments=\count109
\everyMPshowfont=\toks23
\MPscratchCnt=\count110
\MPscratchDim=\dimen129
\MPnumerator=\count111
\makeMPintoPDFobject=\count112
\everyMPtoPDFconversion=\toks24
)
Package caption Info: Begin \AtBeginDocument code.
Package caption Info: End \AtBeginDocument code.

Chapter 1.

LaTeX Warning: Citation `b1' on page 1 undefined on input line 16.


LaTeX Warning: Citation `b11' on page 1 undefined on input line 16.

LaTeX Font Info:    Try loading font information for U+msa on input line 16.
("C:\Program Files (x86)\MiKTeX 2.9\tex\latex\amsfonts\umsa.fd"
File: umsa.fd 2009/06/22 v3.00 AMS symbols A
)
LaTeX Font Info:    Try loading font information for U+msb on input line 16.

("C:\Program Files (x86)\MiKTeX 2.9\tex\latex\amsfonts\umsb.fd"
File: umsb.fd 2009/06/22 v3.00 AMS symbols B
)

LaTeX Warning: Citation `b12' on page 1 undefined on input line 16.


LaTeX Warning: Citation `b41' on page 1 undefined on input line 18.


LaTeX Warning: Citation `b71' on page 1 undefined on input line 18.


LaTeX Warning: Citation `b41' on page 1 undefined on input line 18.


LaTeX Warning: Citation `b23' on page 1 undefined on input line 20.


LaTeX Warning: Citation `b24' on page 1 undefined on input line 20.


LaTeX Warning: Citation `b25' on page 1 undefined on input line 20.


LaTeX Warning: Citation `b26' on page 1 undefined on input line 20.


LaTeX Warning: Citation `b27' on page 1 undefined on input line 20.


LaTeX Warning: Citation `b28' on page 1 undefined on input line 20.


LaTeX Warning: Citation `b29' on page 1 undefined on input line 22.


LaTeX Warning: Citation `b34' on page 1 undefined on input line 24.


LaTeX Warning: Citation `b35' on page 1 undefined on input line 24.


LaTeX Warning: Citation `b36' on page 1 undefined on input line 24.


LaTeX Warning: Citation `b34' on page 1 undefined on input line 24.


LaTeX Warning: Citation `b35' on page 1 undefined on input line 24.

[1


{C:/Users/Romilly/AppData/Local/MiKTeX/2.9/pdftex/config/pdftex.map}]

LaTeX Warning: Citation `b50' on page 2 undefined on input line 26.


LaTeX Warning: Citation `b51' on page 2 undefined on input line 26.


LaTeX Warning: Citation `b5' on page 2 undefined on input line 49.

<images/weyl-ek.png, id=11, 361.35pt x 237.88875pt>
File: images/weyl-ek.png Graphic file (type png)
 <use images/weyl-ek.png>
Package pdftex.def Info: images/weyl-ek.png used on input line 51.
(pdftex.def)             Requested size: 252.94327pt x 166.52098pt.


LaTeX Warning: `h' float specifier changed to `ht'.

[2] [3 <C:/Users/Romilly/Desktop/phd/report/weyl-fermions/images/weyl-ek.png (P
NG copy)>]

LaTeX Warning: Reference `Appendix - pz' on page 4 undefined on input line 105.



LaTeX Warning: Reference `Potential Step - Transfer and Scattering Matrices' on
 page 4 undefined on input line 153.

[4] <images/weyl-step-phi-theta.png, id=25, 361.35pt x 302.12875pt>
File: images/weyl-step-phi-theta.png Graphic file (type png)

<use images/weyl-step-phi-theta.png>
Package pdftex.def Info: images/weyl-step-phi-theta.png used on input line 172.

(pdftex.def)             Requested size: 180.67456pt x 151.064pt.

<images/weyl-step-phi-theta-2.png, id=26, 361.35pt x 302.12875pt>
File: images/weyl-step-phi-theta-2.png Graphic file (type png)

<use images/weyl-step-phi-theta-2.png>
Package pdftex.def Info: images/weyl-step-phi-theta-2.png used on input line 17
7.
(pdftex.def)             Requested size: 180.67456pt x 151.064pt.

Overfull \hbox (19.44853pt too wide) in paragraph at lines 171--180
[]$[]$   $[]$ 
 []

<images/weyl-step-theta.png, id=27, 361.35pt x 302.12875pt>
File: images/weyl-step-theta.png Graphic file (type png)

<use images/weyl-step-theta.png>
Package pdftex.def Info: images/weyl-step-theta.png used on input line 186.
(pdftex.def)             Requested size: 180.67456pt x 151.064pt.

<images/weyl-step-phi.png, id=28, 361.35pt x 302.12875pt>
File: images/weyl-step-phi.png Graphic file (type png)

<use images/weyl-step-phi.png>
Package pdftex.def Info: images/weyl-step-phi.png used on input line 191.
(pdftex.def)             Requested size: 180.67456pt x 151.064pt.

Overfull \hbox (19.44853pt too wide) in paragraph at lines 185--194
[]$[]$   $[]$ 
 []


LaTeX Warning: `h' float specifier changed to `ht'.

<images/weyl-symmetrical-flat.png, id=29, 501.875pt x 260.975pt>
File: images/weyl-symmetrical-flat.png Graphic file (type png)

<use images/weyl-symmetrical-flat.png>
Package pdftex.def Info: images/weyl-symmetrical-flat.png used on input line 20
8.
(pdftex.def)             Requested size: 351.31009pt x 182.68126pt.
 [5 <C:/Users/Romilly/Desktop/phd/report/weyl-fermions/images/weyl-step-phi-the
ta.png (PNG copy)> <C:/Users/Romilly/Desktop/phd/report/weyl-fermions/images/we
yl-step-phi-theta-2.png (PNG copy)>]
[6 <C:/Users/Romilly/Desktop/phd/report/weyl-fermions/images/weyl-step-theta.pn
g (PNG copy)> <C:/Users/Romilly/Desktop/phd/report/weyl-fermions/images/weyl-st
ep-phi.png (PNG copy)> <C:/Users/Romilly/Desktop/phd/report/weyl-fermions/image
s/weyl-symmetrical-flat.png>]

LaTeX Warning: Citation `b1' on page 7 undefined on input line 300.

[7] <images/weyl-barrier-phi-theta.png, id=43, 361.35pt x 302.12875pt>
File: images/weyl-barrier-phi-theta.png Graphic file (type png)

<use images/weyl-barrier-phi-theta.png>
Package pdftex.def Info: images/weyl-barrier-phi-theta.png used on input line 3
10.
(pdftex.def)             Requested size: 180.67456pt x 151.064pt.

<images/weyl-barrier-phi-theta-2.png, id=44, 361.35pt x 302.12875pt>
File: images/weyl-barrier-phi-theta-2.png Graphic file (type png)

<use images/weyl-barrier-phi-theta-2.png>
Package pdftex.def Info: images/weyl-barrier-phi-theta-2.png used on input line
 315.
(pdftex.def)             Requested size: 180.67456pt x 151.064pt.

Overfull \hbox (19.44853pt too wide) in paragraph at lines 309--318
[]$[]$   $[]$ 
 []

<images/weyl-bar-phi.png, id=45, 361.35pt x 302.12875pt>
File: images/weyl-bar-phi.png Graphic file (type png)

<use images/weyl-bar-phi.png>
Package pdftex.def Info: images/weyl-bar-phi.png used on input line 325.
(pdftex.def)             Requested size: 180.67456pt x 151.064pt.

<images/weyl-bar-theta.png, id=46, 361.35pt x 302.12875pt>
File: images/weyl-bar-theta.png Graphic file (type png)

<use images/weyl-bar-theta.png>
Package pdftex.def Info: images/weyl-bar-theta.png used on input line 330.
(pdftex.def)             Requested size: 180.67456pt x 151.064pt.

Overfull \hbox (19.44853pt too wide) in paragraph at lines 324--333
[]$[]$   $[]$ 
 []


LaTeX Warning: `h' float specifier changed to `ht'.

[8 <C:/Users/Romilly/Desktop/phd/report/weyl-fermions/images/weyl-barrier-phi-t
heta.png (PNG copy)> <C:/Users/Romilly/Desktop/phd/report/weyl-fermions/images/
weyl-barrier-phi-theta-2.png (PNG copy)>]
<images/weyl-res-1.png, id=51, 361.35pt x 228.855pt>
File: images/weyl-res-1.png Graphic file (type png)

<use images/weyl-res-1.png>
Package pdftex.def Info: images/weyl-res-1.png used on input line 357.
(pdftex.def)             Requested size: 180.67456pt x 114.42722pt.

<images/weyl-res-2.png, id=52, 363.3575pt x 237.88875pt>
File: images/weyl-res-2.png Graphic file (type png)

<use images/weyl-res-2.png>
Package pdftex.def Info: images/weyl-res-2.png used on input line 362.
(pdftex.def)             Requested size: 181.6783pt x 118.94408pt.

Overfull \hbox (19.44853pt too wide) in paragraph at lines 356--365
[]$[]$   $[]$ 
 []


LaTeX Warning: `h' float specifier changed to `ht'.


LaTeX Warning: Citation `b3' on page 9 undefined on input line 369.

[9 <C:/Users/Romilly/Desktop/phd/report/weyl-fermions/images/weyl-bar-phi.png (
PNG copy)> <C:/Users/Romilly/Desktop/phd/report/weyl-fermions/images/weyl-bar-t
heta.png (PNG copy)>]

LaTeX Warning: Reference `Rectangular Barrier - Bound States' on page 10 undefi
ned on input line 404.

[10 <C:/Users/Romilly/Desktop/phd/report/weyl-fermions/images/weyl-res-1.png (P
NG copy)> <C:/Users/Romilly/Desktop/phd/report/weyl-fermions/images/weyl-res-2.
png>]

LaTeX Warning: Citation `b3' on page 11 undefined on input line 434.


LaTeX Warning: Reference `Rectangular Barrier - Graphene Superlattice' on page 
11 undefined on input line 492.


LaTeX Warning: Reference `Rectangular Barrier band eq' on page 11 undefined on 
input line 492.

<images/energy-bands-0.png, id=59, 361.35pt x 215.80624pt>
File: images/energy-bands-0.png Graphic file (type png)

<use images/energy-bands-0.png>
Package pdftex.def Info: images/energy-bands-0.png used on input line 508.
(pdftex.def)             Requested size: 216.81168pt x 129.48474pt.

<images/energy-bands-ky0.png, id=60, 361.35pt x 215.80624pt>
File: images/energy-bands-ky0.png Graphic file (type png)

<use images/energy-bands-ky0.png>
Package pdftex.def Info: images/energy-bands-ky0.png used on input line 513.
(pdftex.def)             Requested size: 216.81168pt x 129.48474pt.

Overfull \hbox (19.44853pt too wide) in paragraph at lines 507--516
[]$[]$   $[]$ 
 []

[11]

LaTeX Warning: Citation `b6' on page 12 undefined on input line 553.

[12 <C:/Users/Romilly/Desktop/phd/report/weyl-fermions/images/energy-bands-0.pn
g (PNG copy)> <C:/Users/Romilly/Desktop/phd/report/weyl-fermions/images/energy-
bands-ky0.png (PNG copy)>]

LaTeX Warning: Reference `Introduction - Landauer Formalism in Graphene' on pag
e 13 undefined on input line 557.

<images/weyl-i-1.png, id=68, 361.35pt x 228.855pt>
File: images/weyl-i-1.png Graphic file (type png)
 <use images/weyl-i-1.png>
Package pdftex.def Info: images/weyl-i-1.png used on input line 565.
(pdftex.def)             Requested size: 198.74312pt x 125.87062pt.

<images/weyl-i-2.png, id=69, 361.35pt x 228.855pt>
File: images/weyl-i-2.png Graphic file (type png)
 <use images/weyl-i-2.png>
Package pdftex.def Info: images/weyl-i-2.png used on input line 570.
(pdftex.def)             Requested size: 198.74312pt x 125.87062pt.

Overfull \hbox (19.44853pt too wide) in paragraph at lines 564--573
[]$[]$   $[]$ 
 []

<images/weyl-i-vsd.png, id=70, 361.35pt x 210.7875pt>
File: images/weyl-i-vsd.png Graphic file (type png)

<use images/weyl-i-vsd.png>
Package pdftex.def Info: images/weyl-i-vsd.png used on input line 580.
(pdftex.def)             Requested size: 198.74312pt x 115.93347pt.

<images/weyl-i-t.png, id=71, 361.35pt x 213.79875pt>
File: images/weyl-i-t.png Graphic file (type png)
 <use images/weyl-i-t.png>
Package pdftex.def Info: images/weyl-i-t.png used on input line 585.
(pdftex.def)             Requested size: 198.74312pt x 117.58966pt.

Overfull \hbox (19.44853pt too wide) in paragraph at lines 579--588
[]$[]$   $[]$ 
 []


LaTeX Warning: `h' float specifier changed to `ht'.


LaTeX Warning: Citation `b34' on page 13 undefined on input line 598.


LaTeX Warning: Citation `b35' on page 13 undefined on input line 598.


LaTeX Warning: Citation `b29' on page 13 undefined on input line 598.

[13 <C:/Users/Romilly/Desktop/phd/report/weyl-fermions/images/weyl-i-1.png (PNG
 copy)> <C:/Users/Romilly/Desktop/phd/report/weyl-fermions/images/weyl-i-2.png 
(PNG copy)>] <images/cone.png, id=76, 579.16376pt x 231.86626pt>
File: images/cone.png Graphic file (type png)

<use images/cone.png>
Package pdftex.def Info: images/cone.png used on input line 611.
(pdftex.def)             Requested size: 231.66139pt x 92.74484pt.
 <images/cone-z.png, id=77, 579.16376pt x 231.86626pt>
File: images/cone-z.png Graphic file (type png)

<use images/cone-z.png>
Package pdftex.def Info: images/cone-z.png used on input line 616.
(pdftex.def)             Requested size: 231.66139pt x 92.74484pt.

Overfull \hbox (19.44853pt too wide) in paragraph at lines 610--619
[]$[]$   $[]$ 
 []

<images/step-l3.png, id=78, 361.35pt x 302.12875pt>
File: images/step-l3.png Graphic file (type png)
 <use images/step-l3.png>
Package pdftex.def Info: images/step-l3.png used on input line 626.
(pdftex.def)             Requested size: 198.74312pt x 166.17131pt.

<images/phi-theta-step.png, id=79, 361.35pt x 302.12875pt>
File: images/phi-theta-step.png Graphic file (type png)

<use images/phi-theta-step.png>
Package pdftex.def Info: images/phi-theta-step.png used on input line 631.
(pdftex.def)             Requested size: 198.74312pt x 166.17131pt.

Overfull \hbox (19.44853pt too wide) in paragraph at lines 625--634
[]$[]$   $[]$ 
 []


LaTeX Warning: `h' float specifier changed to `ht'.

<images/barrier-l3.png, id=80, 361.35pt x 302.12875pt>
File: images/barrier-l3.png Graphic file (type png)

<use images/barrier-l3.png>
Package pdftex.def Info: images/barrier-l3.png used on input line 641.
(pdftex.def)             Requested size: 198.74312pt x 166.17131pt.

<images/phi-theta-barrier.png, id=81, 361.35pt x 302.12875pt>
File: images/phi-theta-barrier.png Graphic file (type png)

<use images/phi-theta-barrier.png>
Package pdftex.def Info: images/phi-theta-barrier.png used on input line 646.
(pdftex.def)             Requested size: 198.74312pt x 166.17131pt.

Overfull \hbox (19.44853pt too wide) in paragraph at lines 640--649
[]$[]$   $[]$ 
 []

[14 <C:/Users/Romilly/Desktop/phd/report/weyl-fermions/images/weyl-i-vsd.png (P
NG copy)> <C:/Users/Romilly/Desktop/phd/report/weyl-fermions/images/weyl-i-t.pn
g (PNG copy)> <C:/Users/Romilly/Desktop/phd/report/weyl-fermions/images/cone.pn
g (PNG copy)> <C:/Users/Romilly/Desktop/phd/report/weyl-fermions/images/cone-z.
png (PNG copy)>]

LaTeX Warning: `h' float specifier changed to `ht'.

[15 <C:/Users/Romilly/Desktop/phd/report/weyl-fermions/images/step-l3.png (PNG 
copy)> <C:/Users/Romilly/Desktop/phd/report/weyl-fermions/images/phi-theta-step
.png (PNG copy)>] [16 <C:/Users/Romilly/Desktop/phd/report/weyl-fermions/images
/barrier-l3.png (PNG copy)> <C:/Users/Romilly/Desktop/phd/report/weyl-fermions/
images/phi-theta-barrier.png (PNG copy)>]
(C:\Users\Romilly\Desktop\phd\report\weyl-fermions\weyl-fermions.aux)

LaTeX Warning: There were undefined references.

 ) 
Here is how much of TeX's memory you used:
 4066 strings out of 494045
 59152 string characters out of 3145962
 126178 words of memory out of 3000000
 7298 multiletter control sequences out of 15000+200000
 11352 words of font info for 43 fonts, out of 3000000 for 9000
 715 hyphenation exceptions out of 8191
 36i,16n,38p,793b,459s stack positions out of 5000i,500n,10000p,200000b,50000s
<C:/Program Files (x86)/MiKTeX 2.9/fonts/type1/public/amsfonts/cm/cmbx12.pfb>
<C:/Program Files (x86)/MiKTeX 2.9/fonts/type1/public/amsfonts/cm/cmex10.pfb><C
:/Program Files (x86)/MiKTeX 2.9/fonts/type1/public/amsfonts/cm/cmmi10.pfb><C:/
Program Files (x86)/MiKTeX 2.9/fonts/type1/public/amsfonts/cm/cmmi12.pfb><C:/Pr
ogram Files (x86)/MiKTeX 2.9/fonts/type1/public/amsfonts/cm/cmmi6.pfb><C:/Progr
am Files (x86)/MiKTeX 2.9/fonts/type1/public/amsfonts/cm/cmmi8.pfb><C:/Program 
Files (x86)/MiKTeX 2.9/fonts/type1/public/amsfonts/cm/cmr10.pfb><C:/Program Fil
es (x86)/MiKTeX 2.9/fonts/type1/public/amsfonts/cm/cmr12.pfb><C:/Program Files 
(x86)/MiKTeX 2.9/fonts/type1/public/amsfonts/cm/cmr6.pfb><C:/Program Files (x86
)/MiKTeX 2.9/fonts/type1/public/amsfonts/cm/cmr8.pfb><C:/Program Files (x86)/Mi
KTeX 2.9/fonts/type1/public/amsfonts/cm/cmsy10.pfb><C:/Program Files (x86)/MiKT
eX 2.9/fonts/type1/public/amsfonts/cm/cmsy8.pfb><C:/Program Files (x86)/MiKTeX 
2.9/fonts/type1/public/amsfonts/symbols/msbm10.pfb>
Output written on weyl-fermions.pdf (16 pages, 626450 bytes).
PDF statistics:
 132 PDF objects out of 1000 (max. 8388607)
 0 named destinations out of 1000 (max. 500000)
 121 words of extra memory for PDF output out of 10000 (max. 10000000)

