This is pdfTeX, Version 3.1415926-2.3-1.40.12 (MiKTeX 2.9) (preloaded format=pdflatex 2012.12.11)  9 MAR 2023 17:41
entering extended mode
**C:/Users/Romilly/Desktop/Weyl-semimetals*0.5.4*PRB/Weyl-semimetals-3.tex
("C:/Users/Romilly/Desktop/Weyl-semimetals 0.5.4 PRB/Weyl-semimetals-3.tex"
LaTeX2e <2011/06/27>
Babel <v3.8m> and hyphenation patterns for english, afrikaans, ancientgreek, ar
abic, armenian, assamese, basque, bengali, bokmal, bulgarian, catalan, coptic, 
croatian, czech, danish, dutch, esperanto, estonian, farsi, finnish, french, ga
lician, german, german-x-2009-06-19, greek, gujarati, hindi, hungarian, iceland
ic, indonesian, interlingua, irish, italian, kannada, kurmanji, lao, latin, lat
vian, lithuanian, malayalam, marathi, mongolian, mongolianlmc, monogreek, ngerm
an, ngerman-x-2009-06-19, nynorsk, oriya, panjabi, pinyin, polish, portuguese, 
romanian, russian, sanskrit, serbian, slovak, slovenian, spanish, swedish, swis
sgerman, tamil, telugu, turkish, turkmen, ukenglish, ukrainian, uppersorbian, u
senglishmax, welsh, loaded.
("C:\Program Files (x86)\MiKTeX 2.9\tex\latex\revtex4\revtex4.cls"
Document Class: revtex4 2001/08/03 v4.0 (http://publish.aps.org/revtex4/ for do
cumentation)
 Copyright (c) 2001 The American Physical Society.
 mailto:revtex@aps.org
 Licensed under the LPPL:
http://www.ctan.org/tex-archive/macros/latex/base/lppl.txt
 Arthur Ogawa <ogawa@teleport.com>
 Based on work by David Carlisle <david@dcarlisle.demon.co.uk>.
ltxutil: portions licensed from W. E. Baxter (web@superscript.com)
Class revtex4 Info: Repairing broken LateX \@sect on input line 596.
\intertabularlinepenalty=\count79
\@tbpen=\count80
\@arstrutbox@hline=\box26
Class revtex4 Info: Repairing broken LaTeX \@xbitor on input line 1610.
ltxgrid: portions licensed from W. E. Baxter (web@superscript.com)
\c@linecount=\count81
\output=\toks14
\@protection@box=\box27
\@topmark@saved=\toks15
\footins@saved=\box28
\pagesofar=\box29
\footbox=\box30
\pagegrid@col=\count82
Class revtex4 Info: Incorporating package {textcase}  [1998/11/12 v0.06 Text on
ly upper/lower case changing (DPC)]. on input line 3682.
("C:\Program Files (x86)\MiKTeX 2.9\tex\latex\ltxmisc\url.sty"
\Urlmuskip=\muskip10
Package: url 2006/04/12  ver 3.3  Verb mode for urls, etc.
)
\c@affil=\count83
\absbox=\box31
\c@part=\count84
\c@section=\count85
\c@subsection=\count86
\c@subsubsection=\count87
\c@paragraph=\count88
\c@subparagraph=\count89
\abovecaptionskip=\skip41
\belowcaptionskip=\skip42
\c@figure=\count90
\c@table=\count91

("C:\Program Files (x86)\MiKTeX 2.9\tex\latex\natbib\natbib.sty"
Package: natbib 2010/09/13 8.31b (PWD, AO)
\bibhang=\skip43
\bibsep=\skip44
LaTeX Info: Redefining \cite on input line 694.
\c@NAT@ctr=\count92
)
\widetext@top=\box32
\widetext@bot=\box33

("C:\Program Files (x86)\MiKTeX 2.9\tex\latex\revtex4\revsymb.sty"
Package: revsymb 2001/08/03 v4.0 (http://publish.aps.org/revtex4/ for documenta
tion)
LaTeX Info: Redefining \REV@mathfrak on input line 118.
))
("C:\Program Files (x86)\MiKTeX 2.9\tex\latex\revtex4\aps.rtx"
File: aps.rtx 2001/08/03 v4.0 (http://publish.aps.org/revtex4/ for documentatio
n)
)
("C:\Program Files (x86)\MiKTeX 2.9\tex\latex\revtex4\10pt.rtx"
File: 10pt.rtx 2001/08/03 v4.0 (http://publish.aps.org/revtex4/ for documentati
on)
)
("C:\Program Files (x86)\MiKTeX 2.9\tex\latex\ams\math\amsmath.sty"
Package: amsmath 2000/07/18 v2.13 AMS math features
\@mathmargin=\skip45

For additional information on amsmath, use the `?' option.
("C:\Program Files (x86)\MiKTeX 2.9\tex\latex\ams\math\amstext.sty"
Package: amstext 2000/06/29 v2.01

("C:\Program Files (x86)\MiKTeX 2.9\tex\latex\ams\math\amsgen.sty"
File: amsgen.sty 1999/11/30 v2.0
\@emptytoks=\toks16
\ex@=\dimen102
))
("C:\Program Files (x86)\MiKTeX 2.9\tex\latex\ams\math\amsbsy.sty"
Package: amsbsy 1999/11/29 v1.2d
\pmbraise@=\dimen103
)
("C:\Program Files (x86)\MiKTeX 2.9\tex\latex\ams\math\amsopn.sty"
Package: amsopn 1999/12/14 v2.01 operator names
)
\inf@bad=\count93
LaTeX Info: Redefining \frac on input line 211.
\uproot@=\count94
\leftroot@=\count95
LaTeX Info: Redefining \overline on input line 307.
\classnum@=\count96
\DOTSCASE@=\count97
LaTeX Info: Redefining \ldots on input line 379.
LaTeX Info: Redefining \dots on input line 382.
LaTeX Info: Redefining \cdots on input line 467.
\Mathstrutbox@=\box34
\strutbox@=\box35
\big@size=\dimen104
LaTeX Font Info:    Redeclaring font encoding OML on input line 567.
LaTeX Font Info:    Redeclaring font encoding OMS on input line 568.
\macc@depth=\count98
\c@MaxMatrixCols=\count99
\dotsspace@=\muskip11
\c@parentequation=\count100
\dspbrk@lvl=\count101
\tag@help=\toks17
\row@=\count102
\column@=\count103
\maxfields@=\count104
\andhelp@=\toks18
\eqnshift@=\dimen105
\alignsep@=\dimen106
\tagshift@=\dimen107
\tagwidth@=\dimen108
\totwidth@=\dimen109
\lineht@=\dimen110
\@envbody=\toks19
\multlinegap=\skip46
\multlinetaggap=\skip47
\mathdisplay@stack=\toks20
LaTeX Info: Redefining \[ on input line 2666.
LaTeX Info: Redefining \] on input line 2667.
)
("C:\Program Files (x86)\MiKTeX 2.9\tex\latex\amsfonts\amssymb.sty"
Package: amssymb 2009/06/22 v3.00

("C:\Program Files (x86)\MiKTeX 2.9\tex\latex\amsfonts\amsfonts.sty"
Package: amsfonts 2009/06/22 v3.00 Basic AMSFonts support
\symAMSa=\mathgroup4
\symAMSb=\mathgroup5
LaTeX Font Info:    Overwriting math alphabet `\mathfrak' in version `bold'
(Font)                  U/euf/m/n --> U/euf/b/n on input line 96.
LaTeX Info: Redefining \frak on input line 99.
LaTeX Info: Redefining \Bbb on input line 101.
))
("C:\Program Files (x86)\MiKTeX 2.9\tex\latex\graphics\graphicx.sty"
Package: graphicx 1999/02/16 v1.0f Enhanced LaTeX Graphics (DPC,SPQR)

("C:\Program Files (x86)\MiKTeX 2.9\tex\latex\graphics\keyval.sty"
Package: keyval 1999/03/16 v1.13 key=value parser (DPC)
\KV@toks@=\toks21
)
("C:\Program Files (x86)\MiKTeX 2.9\tex\latex\graphics\graphics.sty"
Package: graphics 2009/02/05 v1.0o Standard LaTeX Graphics (DPC,SPQR)

("C:\Program Files (x86)\MiKTeX 2.9\tex\latex\graphics\trig.sty"
Package: trig 1999/03/16 v1.09 sin cos tan (DPC)
)
("C:\Program Files (x86)\MiKTeX 2.9\tex\latex\00miktex\graphics.cfg"
File: graphics.cfg 2007/01/18 v1.5 graphics configuration of teTeX/TeXLive
)
Package graphics Info: Driver file: pdftex.def on input line 91.

("C:\Program Files (x86)\MiKTeX 2.9\tex\latex\pdftex-def\pdftex.def"
File: pdftex.def 2011/05/27 v0.06d Graphics/color for pdfTeX

("C:\Program Files (x86)\MiKTeX 2.9\tex\generic\oberdiek\infwarerr.sty"
Package: infwarerr 2010/04/08 v1.3 Providing info/warning/error messages (HO)
)
("C:\Program Files (x86)\MiKTeX 2.9\tex\generic\oberdiek\ltxcmds.sty"
Package: ltxcmds 2011/11/09 v1.22 LaTeX kernel commands for general use (HO)
)
\Gread@gobject=\count105
))
\Gin@req@height=\dimen111
\Gin@req@width=\dimen112
)
("C:\Users\Romilly\Desktop\Weyl-semimetals 0.5.4 PRB\Weyl-semimetals-3.aux")
LaTeX Font Info:    Checking defaults for OML/cmm/m/it on input line 6.
LaTeX Font Info:    ... okay on input line 6.
LaTeX Font Info:    Checking defaults for T1/cmr/m/n on input line 6.
LaTeX Font Info:    ... okay on input line 6.
LaTeX Font Info:    Checking defaults for OT1/cmr/m/n on input line 6.
LaTeX Font Info:    ... okay on input line 6.
LaTeX Font Info:    Checking defaults for OMS/cmsy/m/n on input line 6.
LaTeX Font Info:    ... okay on input line 6.
LaTeX Font Info:    Checking defaults for OMX/cmex/m/n on input line 6.
LaTeX Font Info:    ... okay on input line 6.
LaTeX Font Info:    Checking defaults for U/cmr/m/n on input line 6.
LaTeX Font Info:    ... okay on input line 6.
Class revtex4 Info: Patching LaTeX tabular. on input line 6.
Class revtex4 Info: cite was not loaded (OK!) on input line 6.
Class revtex4 Info: multicol was not loaded (OK!) on input line 6.

("C:\Program Files (x86)\MiKTeX 2.9\tex\context\base\supp-pdf.mkii"
[Loading MPS to PDF converter (version 2006.09.02).]
\scratchcounter=\count106
\scratchdimen=\dimen113
\scratchbox=\box36
\nofMPsegments=\count107
\nofMParguments=\count108
\everyMPshowfont=\toks22
\MPscratchCnt=\count109
\MPscratchDim=\dimen114
\MPnumerator=\count110
\makeMPintoPDFobject=\count111
\everyMPtoPDFconversion=\toks23
)
LaTeX Font Info:    Try loading font information for U+msa on input line 26.
 ("C:\Program Files (x86)\MiKTeX 2.9\tex\latex\amsfonts\umsa.fd"
File: umsa.fd 2009/06/22 v3.00 AMS symbols A
)
LaTeX Font Info:    Try loading font information for U+msb on input line 26.

("C:\Program Files (x86)\MiKTeX 2.9\tex\latex\amsfonts\umsb.fd"
File: umsb.fd 2009/06/22 v3.00 AMS symbols B
)
Underfull \hbox (badness 1107) in paragraph at lines 45--46
\OT1/cmr/m/n/10 and Ag$[]$Te can ex-pe-ri-ence a phase tran-si-tion from
 []

[1{C:/Users/Romilly/AppData/Local/MiKTeX/2.9/pdftex/config/pdftex.map}]
Underfull \hbox (badness 2495) in paragraph at lines 62--64
[]\OT1/cmr/m/n/10 The sec-ond class are so-called Weyl semimet-als
 []

[2] <weyl-step-insert2.pdf, id=22, 845.04686pt x 597.50786pt>
File: weyl-step-insert2.pdf Graphic file (type pdf)

<use weyl-step-insert2.pdf>
Package pdftex.def Info: weyl-step-insert2.pdf used on input line 131.
(pdftex.def)             Requested size: 245.05731pt x 173.27284pt.
 [3 <C:/Users/Romilly/Desktop/Weyl-semimetals 0.5.4 PRB/weyl-step-insert2.pdf>]
 <weyl-t-step.png, id=54, 602.25pt x 1047.915pt>
File: weyl-t-step.png Graphic file (type png)

<use weyl-t-step.png>
Package pdftex.def Info: weyl-t-step.png used on input line 178.
(pdftex.def)             Requested size: 240.89572pt x 419.15857pt.
 <weyl-symmetrical-flat.png, id=56, 1204.5pt x 626.34pt>
File: weyl-symmetrical-flat.png Graphic file (type png)

<use weyl-symmetrical-flat.png>
Package pdftex.def Info: weyl-symmetrical-flat.png used on input line 193.
(pdftex.def)             Requested size: 240.89574pt x 125.26578pt.
 [4 <C:/Users/Romilly/Desktop/Weyl-semimetals 0.5.4 PRB/weyl-t-step.png>]

LaTeX Warning: A float is stuck (cannot be placed) on input line 224.


LaTeX Warning: A float is stuck (cannot be placed) on input line 224.


Class revtex4 Warning: Deferred float stuck during \clearpage processing.

<weyl-t.png, id=61, 602.25pt x 1047.915pt>
File: weyl-t.png Graphic file (type png)
 <use weyl-t.png>
Package pdftex.def Info: weyl-t.png used on input line 242.
(pdftex.def)             Requested size: 240.89572pt x 419.15857pt.
 [5 <C:/Users/Romilly/Desktop/Weyl-semimetals 0.5.4 PRB/weyl-symmetrical-flat.p
ng> <C:/Users/Romilly/Desktop/Weyl-semimetals 0.5.4 PRB/weyl-t.png>]
<Pressure-Weyl1.pdf, id=67, 845.1575pt x 597.23125pt>
File: Pressure-Weyl1.pdf Graphic file (type pdf)
 <use Pressure-Weyl1.pdf>
Package pdftex.def Info: Pressure-Weyl1.pdf used on input line 283.
(pdftex.def)             Requested size: 278.90283pt x 197.08691pt.

<barrier-l3.png, id=68, 602.25pt x 1047.915pt>
File: barrier-l3.png Graphic file (type png)
 <use barrier-l3.png>
Package pdftex.def Info: barrier-l3.png used on input line 290.
(pdftex.def)             Requested size: 240.89572pt x 419.15857pt.
 [6]

LaTeX Warning: A float is stuck (cannot be placed) on input line 305.


LaTeX Warning: A float is stuck (cannot be placed) on input line 305.


Class revtex4 Warning: Deferred float stuck during \clearpage processing.

[7 <C:/Users/Romilly/Desktop/Weyl-semimetals 0.5.4 PRB/Pressure-Weyl1.pdf> <C:/
Users/Romilly/Desktop/Weyl-semimetals 0.5.4 PRB/barrier-l3.png>] [8]
<weyl-tip1.pdf, id=143, 845.1575pt x 597.23125pt>
File: weyl-tip1.pdf Graphic file (type pdf)
 <use weyl-tip1.pdf>
Package pdftex.def Info: weyl-tip1.pdf used on input line 370.
(pdftex.def)             Requested size: 278.90283pt x 197.08691pt.

Underfull \hbox (badness 1281) in paragraph at lines 402--404
\OT1/cmr/m/n/10 Unlike in graphene, which has a lin-ear den-sity of
 []

[9 <C:/Users/Romilly/Desktop/Weyl-semimetals 0.5.4 PRB/weyl-tip1.pdf>]
<transistor.png, id=183, 853.1875pt x 634.37pt>
File: transistor.png Graphic file (type png)
 <use transistor.png>
Package pdftex.def Info: transistor.png used on input line 431.
(pdftex.def)             Requested size: 213.29636pt x 158.5921pt.

<barrier-ivg.png, id=184, 451.6875pt x 392.96812pt>
File: barrier-ivg.png Graphic file (type png)
 <use barrier-ivg.png>
Package pdftex.def Info: barrier-ivg.png used on input line 441.
(pdftex.def)             Requested size: 180.67178pt x 157.18445pt.

<barrier-ivsd.png, id=185, 451.6875pt x 392.96812pt>
File: barrier-ivsd.png Graphic file (type png)
 <use barrier-ivsd.png>
Package pdftex.def Info: barrier-ivsd.png used on input line 449.
(pdftex.def)             Requested size: 180.67178pt x 157.18445pt.

<barrier-it.png, id=186, 451.6875pt x 392.96812pt>
File: barrier-it.png Graphic file (type png)
 <use barrier-it.png>
Package pdftex.def Info: barrier-it.png used on input line 456.
(pdftex.def)             Requested size: 180.67178pt x 157.18445pt.

[10 <C:/Users/Romilly/Desktop/Weyl-semimetals 0.5.4 PRB/transistor.png> <C:/Use
rs/Romilly/Desktop/Weyl-semimetals 0.5.4 PRB/barrier-ivg.png (PNG copy)> <C:/Us
ers/Romilly/Desktop/Weyl-semimetals 0.5.4 PRB/barrier-ivsd.png (PNG copy)> <C:/
Users/Romilly/Desktop/Weyl-semimetals 0.5.4 PRB/barrier-it.png (PNG copy)>]
Underfull \hbox (badness 1521) in paragraph at lines 477--478
[]\OT1/cmr/m/n/10 We have shown a strong anal-ogy be-tween Weyl
 []

[11]
Underfull \hbox (badness 6001) in paragraph at lines 479--480
[]\OT1/cmr/m/n/10 It is also very im-por-tant to note that now
 []


Underfull \hbox (badness 3568) in paragraph at lines 479--480
\OT1/cmr/m/n/10 'Weyl semimet-als' and other topo-log-i-cal ma-te-ri-als
 []


Underfull \hbox (badness 3872) in paragraph at lines 479--480
\OT1/cmr/m/n/10 have also been dis-cov-ered in nano-photonics and
 []

Missing character: There is no ï in font cmr9!
Missing character: There is no ¿ in font cmr9!
Missing character: There is no ½ in font cmr9!
Missing character: There is no â in font cmr9!
Missing character: There is no € in font cmr9!
Missing character: There is no “ in font cmr9!
[12]
Underfull \hbox (badness 2134) in paragraph at lines 618--622
 []\OT1/cmr/m/n/9 From Graphene and Topo-log-i-cal In-su-la-tors to Weyl
 []

Missing character: There is no â in font cmr9!
Missing character: There is no € in font cmr9!
Missing character: There is no “ in font cmr9!
Missing character: There is no â in font cmr9!
Missing character: There is no € in font cmr9!
Missing character: There is no “ in font cmr9!
[13] ("C:\Users\Romilly\Desktop\Weyl-semimetals 0.5.4 PRB\Weyl-semimetals-3.aux
") ) 
Here is how much of TeX's memory you used:
 3849 strings out of 494045
 48609 string characters out of 3145962
 136476 words of memory out of 3000000
 7114 multiletter control sequences out of 15000+200000
 11586 words of font info for 44 fonts, out of 3000000 for 9000
 715 hyphenation exceptions out of 8191
 29i,9n,30p,1997b,425s stack positions out of 5000i,500n,10000p,200000b,50000s
<C:/Program Files (x86)/MiKTeX 2.9/fonts/type1/public/amsfonts/cm/cmbx10.pf
b><C:/Program Files (x86)/MiKTeX 2.9/fonts/type1/public/amsfonts/cm/cmbx12.pfb>
<C:/Program Files (x86)/MiKTeX 2.9/fonts/type1/public/amsfonts/cm/cmbx9.pfb><C:
/Program Files (x86)/MiKTeX 2.9/fonts/type1/public/amsfonts/cm/cmex10.pfb><C:/P
rogram Files (x86)/MiKTeX 2.9/fonts/type1/public/amsfonts/cm/cmmi10.pfb><C:/Pro
gram Files (x86)/MiKTeX 2.9/fonts/type1/public/amsfonts/cm/cmmi5.pfb><C:/Progra
m Files (x86)/MiKTeX 2.9/fonts/type1/public/amsfonts/cm/cmmi6.pfb><C:/Program F
iles (x86)/MiKTeX 2.9/fonts/type1/public/amsfonts/cm/cmmi7.pfb><C:/Program File
s (x86)/MiKTeX 2.9/fonts/type1/public/amsfonts/cm/cmmi9.pfb><C:/Program Files (
x86)/MiKTeX 2.9/fonts/type1/public/amsfonts/cm/cmr10.pfb><C:/Program Files (x86
)/MiKTeX 2.9/fonts/type1/public/amsfonts/cm/cmr5.pfb><C:/Program Files (x86)/Mi
KTeX 2.9/fonts/type1/public/amsfonts/cm/cmr6.pfb><C:/Program Files (x86)/MiKTeX
 2.9/fonts/type1/public/amsfonts/cm/cmr7.pfb><C:/Program Files (x86)/MiKTeX 2.9
/fonts/type1/public/amsfonts/cm/cmr8.pfb><C:/Program Files (x86)/MiKTeX 2.9/fon
ts/type1/public/amsfonts/cm/cmr9.pfb><C:/Program Files (x86)/MiKTeX 2.9/fonts/t
ype1/public/amsfonts/cm/cmsy10.pfb><C:/Program Files (x86)/MiKTeX 2.9/fonts/typ
e1/public/amsfonts/cm/cmsy5.pfb><C:/Program Files (x86)/MiKTeX 2.9/fonts/type1/
public/amsfonts/cm/cmsy7.pfb><C:/Program Files (x86)/MiKTeX 2.9/fonts/type1/pub
lic/amsfonts/cm/cmsy9.pfb><C:/Program Files (x86)/MiKTeX 2.9/fonts/type1/public
/amsfonts/cm/cmti7.pfb><C:/Program Files (x86)/MiKTeX 2.9/fonts/type1/public/am
sfonts/cm/cmti9.pfb><C:/Program Files (x86)/MiKTeX 2.9/fonts/type1/public/amsfo
nts/symbols/msbm10.pfb><C:/Program Files (x86)/MiKTeX 2.9/fonts/type1/public/am
sfonts/symbols/msbm7.pfb>
Output written on Weyl-semimetals-3.pdf (13 pages, 1087938 bytes).
PDF statistics:
 272 PDF objects out of 1000 (max. 8388607)
 0 named destinations out of 1000 (max. 500000)
 56 words of extra memory for PDF output out of 10000 (max. 10000000)

