This is pdfTeX, Version 3.14159265-2.6-1.40.15 (TeX Live 2014/MacPorts 2014_7) (preloaded format=pdflatex 2014.10.29)  22 JUN 2015 14:14
entering extended mode
 restricted \write18 enabled.
 %&-line parsing enabled.
**introduction.tex
(./introduction.tex
LaTeX2e <2014/05/01>
Babel <3.9k> and hyphenation patterns for 78 languages loaded.
(/opt/local/share/texmf-texlive/tex/latex/base/report.cls
Document Class: report 2007/10/19 v1.4h Standard LaTeX document class
(/opt/local/share/texmf-texlive/tex/latex/base/size12.clo
File: size12.clo 2007/10/19 v1.4h Standard LaTeX file (size option)
)
\c@part=\count79
\c@chapter=\count80
\c@section=\count81
\c@subsection=\count82
\c@subsubsection=\count83
\c@paragraph=\count84
\c@subparagraph=\count85
\c@figure=\count86
\c@table=\count87
\abovecaptionskip=\skip41
\belowcaptionskip=\skip42
\bibindent=\dimen102
)
(/opt/local/share/texmf-texlive/tex/latex/base/inputenc.sty
Package: inputenc 2014/04/30 v1.2b Input encoding file
\inpenc@prehook=\toks14
\inpenc@posthook=\toks15

(/opt/local/share/texmf-texlive/tex/latex/base/utf8.def
File: utf8.def 2008/04/05 v1.1m UTF-8 support for inputenc
Now handling font encoding OML ...
... no UTF-8 mapping file for font encoding OML
Now handling font encoding T1 ...
... processing UTF-8 mapping file for font encoding T1

(/opt/local/share/texmf-texlive/tex/latex/base/t1enc.dfu
File: t1enc.dfu 2008/04/05 v1.1m UTF-8 support for inputenc
   defining Unicode char U+00A1 (decimal 161)
   defining Unicode char U+00A3 (decimal 163)
   defining Unicode char U+00AB (decimal 171)
   defining Unicode char U+00BB (decimal 187)
   defining Unicode char U+00BF (decimal 191)
   defining Unicode char U+00C0 (decimal 192)
   defining Unicode char U+00C1 (decimal 193)
   defining Unicode char U+00C2 (decimal 194)
   defining Unicode char U+00C3 (decimal 195)
   defining Unicode char U+00C4 (decimal 196)
   defining Unicode char U+00C5 (decimal 197)
   defining Unicode char U+00C6 (decimal 198)
   defining Unicode char U+00C7 (decimal 199)
   defining Unicode char U+00C8 (decimal 200)
   defining Unicode char U+00C9 (decimal 201)
   defining Unicode char U+00CA (decimal 202)
   defining Unicode char U+00CB (decimal 203)
   defining Unicode char U+00CC (decimal 204)
   defining Unicode char U+00CD (decimal 205)
   defining Unicode char U+00CE (decimal 206)
   defining Unicode char U+00CF (decimal 207)
   defining Unicode char U+00D0 (decimal 208)
   defining Unicode char U+00D1 (decimal 209)
   defining Unicode char U+00D2 (decimal 210)
   defining Unicode char U+00D3 (decimal 211)
   defining Unicode char U+00D4 (decimal 212)
   defining Unicode char U+00D5 (decimal 213)
   defining Unicode char U+00D6 (decimal 214)
   defining Unicode char U+00D8 (decimal 216)
   defining Unicode char U+00D9 (decimal 217)
   defining Unicode char U+00DA (decimal 218)
   defining Unicode char U+00DB (decimal 219)
   defining Unicode char U+00DC (decimal 220)
   defining Unicode char U+00DD (decimal 221)
   defining Unicode char U+00DE (decimal 222)
   defining Unicode char U+00DF (decimal 223)
   defining Unicode char U+00E0 (decimal 224)
   defining Unicode char U+00E1 (decimal 225)
   defining Unicode char U+00E2 (decimal 226)
   defining Unicode char U+00E3 (decimal 227)
   defining Unicode char U+00E4 (decimal 228)
   defining Unicode char U+00E5 (decimal 229)
   defining Unicode char U+00E6 (decimal 230)
   defining Unicode char U+00E7 (decimal 231)
   defining Unicode char U+00E8 (decimal 232)
   defining Unicode char U+00E9 (decimal 233)
   defining Unicode char U+00EA (decimal 234)
   defining Unicode char U+00EB (decimal 235)
   defining Unicode char U+00EC (decimal 236)
   defining Unicode char U+00ED (decimal 237)
   defining Unicode char U+00EE (decimal 238)
   defining Unicode char U+00EF (decimal 239)
   defining Unicode char U+00F0 (decimal 240)
   defining Unicode char U+00F1 (decimal 241)
   defining Unicode char U+00F2 (decimal 242)
   defining Unicode char U+00F3 (decimal 243)
   defining Unicode char U+00F4 (decimal 244)
   defining Unicode char U+00F5 (decimal 245)
   defining Unicode char U+00F6 (decimal 246)
   defining Unicode char U+00F8 (decimal 248)
   defining Unicode char U+00F9 (decimal 249)
   defining Unicode char U+00FA (decimal 250)
   defining Unicode char U+00FB (decimal 251)
   defining Unicode char U+00FC (decimal 252)
   defining Unicode char U+00FD (decimal 253)
   defining Unicode char U+00FE (decimal 254)
   defining Unicode char U+00FF (decimal 255)
   defining Unicode char U+0102 (decimal 258)
   defining Unicode char U+0103 (decimal 259)
   defining Unicode char U+0104 (decimal 260)
   defining Unicode char U+0105 (decimal 261)
   defining Unicode char U+0106 (decimal 262)
   defining Unicode char U+0107 (decimal 263)
   defining Unicode char U+010C (decimal 268)
   defining Unicode char U+010D (decimal 269)
   defining Unicode char U+010E (decimal 270)
   defining Unicode char U+010F (decimal 271)
   defining Unicode char U+0110 (decimal 272)
   defining Unicode char U+0111 (decimal 273)
   defining Unicode char U+0118 (decimal 280)
   defining Unicode char U+0119 (decimal 281)
   defining Unicode char U+011A (decimal 282)
   defining Unicode char U+011B (decimal 283)
   defining Unicode char U+011E (decimal 286)
   defining Unicode char U+011F (decimal 287)
   defining Unicode char U+0130 (decimal 304)
   defining Unicode char U+0131 (decimal 305)
   defining Unicode char U+0132 (decimal 306)
   defining Unicode char U+0133 (decimal 307)
   defining Unicode char U+0139 (decimal 313)
   defining Unicode char U+013A (decimal 314)
   defining Unicode char U+013D (decimal 317)
   defining Unicode char U+013E (decimal 318)
   defining Unicode char U+0141 (decimal 321)
   defining Unicode char U+0142 (decimal 322)
   defining Unicode char U+0143 (decimal 323)
   defining Unicode char U+0144 (decimal 324)
   defining Unicode char U+0147 (decimal 327)
   defining Unicode char U+0148 (decimal 328)
   defining Unicode char U+014A (decimal 330)
   defining Unicode char U+014B (decimal 331)
   defining Unicode char U+0150 (decimal 336)
   defining Unicode char U+0151 (decimal 337)
   defining Unicode char U+0152 (decimal 338)
   defining Unicode char U+0153 (decimal 339)
   defining Unicode char U+0154 (decimal 340)
   defining Unicode char U+0155 (decimal 341)
   defining Unicode char U+0158 (decimal 344)
   defining Unicode char U+0159 (decimal 345)
   defining Unicode char U+015A (decimal 346)
   defining Unicode char U+015B (decimal 347)
   defining Unicode char U+015E (decimal 350)
   defining Unicode char U+015F (decimal 351)
   defining Unicode char U+0160 (decimal 352)
   defining Unicode char U+0161 (decimal 353)
   defining Unicode char U+0162 (decimal 354)
   defining Unicode char U+0163 (decimal 355)
   defining Unicode char U+0164 (decimal 356)
   defining Unicode char U+0165 (decimal 357)
   defining Unicode char U+016E (decimal 366)
   defining Unicode char U+016F (decimal 367)
   defining Unicode char U+0170 (decimal 368)
   defining Unicode char U+0171 (decimal 369)
   defining Unicode char U+0178 (decimal 376)
   defining Unicode char U+0179 (decimal 377)
   defining Unicode char U+017A (decimal 378)
   defining Unicode char U+017B (decimal 379)
   defining Unicode char U+017C (decimal 380)
   defining Unicode char U+017D (decimal 381)
   defining Unicode char U+017E (decimal 382)
   defining Unicode char U+200C (decimal 8204)
   defining Unicode char U+2013 (decimal 8211)
   defining Unicode char U+2014 (decimal 8212)
   defining Unicode char U+2018 (decimal 8216)
   defining Unicode char U+2019 (decimal 8217)
   defining Unicode char U+201A (decimal 8218)
   defining Unicode char U+201C (decimal 8220)
   defining Unicode char U+201D (decimal 8221)
   defining Unicode char U+201E (decimal 8222)
   defining Unicode char U+2030 (decimal 8240)
   defining Unicode char U+2031 (decimal 8241)
   defining Unicode char U+2039 (decimal 8249)
   defining Unicode char U+203A (decimal 8250)
   defining Unicode char U+2423 (decimal 9251)
)
Now handling font encoding OT1 ...
... processing UTF-8 mapping file for font encoding OT1

(/opt/local/share/texmf-texlive/tex/latex/base/ot1enc.dfu
File: ot1enc.dfu 2008/04/05 v1.1m UTF-8 support for inputenc
   defining Unicode char U+00A1 (decimal 161)
   defining Unicode char U+00A3 (decimal 163)
   defining Unicode char U+00B8 (decimal 184)
   defining Unicode char U+00BF (decimal 191)
   defining Unicode char U+00C5 (decimal 197)
   defining Unicode char U+00C6 (decimal 198)
   defining Unicode char U+00D8 (decimal 216)
   defining Unicode char U+00DF (decimal 223)
   defining Unicode char U+00E6 (decimal 230)
   defining Unicode char U+00EC (decimal 236)
   defining Unicode char U+00ED (decimal 237)
   defining Unicode char U+00EE (decimal 238)
   defining Unicode char U+00EF (decimal 239)
   defining Unicode char U+00F8 (decimal 248)
   defining Unicode char U+0131 (decimal 305)
   defining Unicode char U+0141 (decimal 321)
   defining Unicode char U+0142 (decimal 322)
   defining Unicode char U+0152 (decimal 338)
   defining Unicode char U+0153 (decimal 339)
   defining Unicode char U+2013 (decimal 8211)
   defining Unicode char U+2014 (decimal 8212)
   defining Unicode char U+2018 (decimal 8216)
   defining Unicode char U+2019 (decimal 8217)
   defining Unicode char U+201C (decimal 8220)
   defining Unicode char U+201D (decimal 8221)
)
Now handling font encoding OMS ...
... processing UTF-8 mapping file for font encoding OMS

(/opt/local/share/texmf-texlive/tex/latex/base/omsenc.dfu
File: omsenc.dfu 2008/04/05 v1.1m UTF-8 support for inputenc
   defining Unicode char U+00A7 (decimal 167)
   defining Unicode char U+00B6 (decimal 182)
   defining Unicode char U+00B7 (decimal 183)
   defining Unicode char U+2020 (decimal 8224)
   defining Unicode char U+2021 (decimal 8225)
   defining Unicode char U+2022 (decimal 8226)
)
Now handling font encoding OMX ...
... no UTF-8 mapping file for font encoding OMX
Now handling font encoding U ...
... no UTF-8 mapping file for font encoding U
   defining Unicode char U+00A9 (decimal 169)
   defining Unicode char U+00AA (decimal 170)
   defining Unicode char U+00AE (decimal 174)
   defining Unicode char U+00BA (decimal 186)
   defining Unicode char U+02C6 (decimal 710)
   defining Unicode char U+02DC (decimal 732)
   defining Unicode char U+200C (decimal 8204)
   defining Unicode char U+2026 (decimal 8230)
   defining Unicode char U+2122 (decimal 8482)
   defining Unicode char U+2423 (decimal 9251)
))
(/opt/local/share/texmf-texlive/tex/latex/amsmath/amsmath.sty
Package: amsmath 2013/01/14 v2.14 AMS math features
\@mathmargin=\skip43

For additional information on amsmath, use the `?' option.
(/opt/local/share/texmf-texlive/tex/latex/amsmath/amstext.sty
Package: amstext 2000/06/29 v2.01

(/opt/local/share/texmf-texlive/tex/latex/amsmath/amsgen.sty
File: amsgen.sty 1999/11/30 v2.0
\@emptytoks=\toks16
\ex@=\dimen103
))
(/opt/local/share/texmf-texlive/tex/latex/amsmath/amsbsy.sty
Package: amsbsy 1999/11/29 v1.2d
\pmbraise@=\dimen104
)
(/opt/local/share/texmf-texlive/tex/latex/amsmath/amsopn.sty
Package: amsopn 1999/12/14 v2.01 operator names
)
\inf@bad=\count88
LaTeX Info: Redefining \frac on input line 210.
\uproot@=\count89
\leftroot@=\count90
LaTeX Info: Redefining \overline on input line 306.
\classnum@=\count91
\DOTSCASE@=\count92
LaTeX Info: Redefining \ldots on input line 378.
LaTeX Info: Redefining \dots on input line 381.
LaTeX Info: Redefining \cdots on input line 466.
\Mathstrutbox@=\box26
\strutbox@=\box27
\big@size=\dimen105
LaTeX Font Info:    Redeclaring font encoding OML on input line 566.
LaTeX Font Info:    Redeclaring font encoding OMS on input line 567.
\macc@depth=\count93
\c@MaxMatrixCols=\count94
\dotsspace@=\muskip10
\c@parentequation=\count95
\dspbrk@lvl=\count96
\tag@help=\toks17
\row@=\count97
\column@=\count98
\maxfields@=\count99
\andhelp@=\toks18
\eqnshift@=\dimen106
\alignsep@=\dimen107
\tagshift@=\dimen108
\tagwidth@=\dimen109
\totwidth@=\dimen110
\lineht@=\dimen111
\@envbody=\toks19
\multlinegap=\skip44
\multlinetaggap=\skip45
\mathdisplay@stack=\toks20
LaTeX Info: Redefining \[ on input line 2665.
LaTeX Info: Redefining \] on input line 2666.
)
(/opt/local/share/texmf-texlive/tex/latex/amsfonts/amsfonts.sty
Package: amsfonts 2013/01/14 v3.01 Basic AMSFonts support
\symAMSa=\mathgroup4
\symAMSb=\mathgroup5
LaTeX Font Info:    Overwriting math alphabet `\mathfrak' in version `bold'
(Font)                  U/euf/m/n --> U/euf/b/n on input line 106.
)
(/opt/local/share/texmf-texlive/tex/latex/amsfonts/amssymb.sty
Package: amssymb 2013/01/14 v3.01 AMS font symbols
)
(/opt/local/share/texmf-texlive/tex/latex/geometry/geometry.sty
Package: geometry 2010/09/12 v5.6 Page Geometry

(/opt/local/share/texmf-texlive/tex/latex/graphics/keyval.sty
Package: keyval 2014/05/08 v1.15 key=value parser (DPC)
\KV@toks@=\toks21
)
(/opt/local/share/texmf-texlive/tex/generic/oberdiek/ifpdf.sty
Package: ifpdf 2011/01/30 v2.3 Provides the ifpdf switch (HO)
Package ifpdf Info: pdfTeX in PDF mode is detected.
)
(/opt/local/share/texmf-texlive/tex/generic/oberdiek/ifvtex.sty
Package: ifvtex 2010/03/01 v1.5 Detect VTeX and its facilities (HO)
Package ifvtex Info: VTeX not detected.
)
(/opt/local/share/texmf-texlive/tex/generic/ifxetex/ifxetex.sty
Package: ifxetex 2010/09/12 v0.6 Provides ifxetex conditional
)
\Gm@cnth=\count100
\Gm@cntv=\count101
\c@Gm@tempcnt=\count102
\Gm@bindingoffset=\dimen112
\Gm@wd@mp=\dimen113
\Gm@odd@mp=\dimen114
\Gm@even@mp=\dimen115
\Gm@layoutwidth=\dimen116
\Gm@layoutheight=\dimen117
\Gm@layouthoffset=\dimen118
\Gm@layoutvoffset=\dimen119
\Gm@dimlist=\toks22
)
(/opt/local/share/texmf-texlive/tex/latex/graphics/graphicx.sty
Package: graphicx 2014/04/25 v1.0g Enhanced LaTeX Graphics (DPC,SPQR)

(/opt/local/share/texmf-texlive/tex/latex/graphics/graphics.sty
Package: graphics 2009/02/05 v1.0o Standard LaTeX Graphics (DPC,SPQR)

(/opt/local/share/texmf-texlive/tex/latex/graphics/trig.sty
Package: trig 1999/03/16 v1.09 sin cos tan (DPC)
)
(/opt/local/share/texmf-texlive/tex/latex/latexconfig/graphics.cfg
File: graphics.cfg 2010/04/23 v1.9 graphics configuration of TeX Live
)
Package graphics Info: Driver file: pdftex.def on input line 91.

(/opt/local/share/texmf-texlive/tex/latex/pdftex-def/pdftex.def
File: pdftex.def 2011/05/27 v0.06d Graphics/color for pdfTeX

(/opt/local/share/texmf-texlive/tex/generic/oberdiek/infwarerr.sty
Package: infwarerr 2010/04/08 v1.3 Providing info/warning/error messages (HO)
)
(/opt/local/share/texmf-texlive/tex/generic/oberdiek/ltxcmds.sty
Package: ltxcmds 2011/11/09 v1.22 LaTeX kernel commands for general use (HO)
)
\Gread@gobject=\count103
))
\Gin@req@height=\dimen120
\Gin@req@width=\dimen121
)
(/opt/local/share/texmf-texlive/tex/latex/caption/caption.sty
Package: caption 2013/05/02 v3.3-89 Customizing captions (AR)

(/opt/local/share/texmf-texlive/tex/latex/caption/caption3.sty
Package: caption3 2013/05/02 v1.6-88 caption3 kernel (AR)
Package caption3 Info: TeX engine: e-TeX on input line 57.
\captionmargin=\dimen122
\captionmargin@=\dimen123
\captionwidth=\dimen124
\caption@tempdima=\dimen125
\caption@indent=\dimen126
\caption@parindent=\dimen127
\caption@hangindent=\dimen128
)
\c@ContinuedFloat=\count104
)
(/opt/local/share/texmf-texlive/tex/latex/caption/subcaption.sty
Package: subcaption 2013/02/03 v1.1-62 Sub-captions (AR)
\c@subfigure=\count105
\c@subtable=\count106
)
(/opt/local/share/texmf-texlive/tex/latex/tocbibind/tocbibind.sty
Package: tocbibind 2010/10/13 v1.5k extra ToC listings
Package tocbibind Info: The document has chapter divisions on input line 50.


Package tocbibind Note: Using chapter style headings, unless overridden.

) (./introduction.aux

LaTeX Warning: Label `' multiply defined.


LaTeX Warning: Label `sub@' multiply defined.


LaTeX Warning: Label `' multiply defined.


LaTeX Warning: Label `sub@' multiply defined.


LaTeX Warning: Label `' multiply defined.


LaTeX Warning: Label `sub@' multiply defined.


LaTeX Warning: Label `' multiply defined.


LaTeX Warning: Label `sub@' multiply defined.


LaTeX Warning: Label `current-dos' multiply defined.

)
\openout1 = `introduction.aux'.

LaTeX Font Info:    Checking defaults for OML/cmm/m/it on input line 12.
LaTeX Font Info:    ... okay on input line 12.
LaTeX Font Info:    Checking defaults for T1/cmr/m/n on input line 12.
LaTeX Font Info:    ... okay on input line 12.
LaTeX Font Info:    Checking defaults for OT1/cmr/m/n on input line 12.
LaTeX Font Info:    ... okay on input line 12.
LaTeX Font Info:    Checking defaults for OMS/cmsy/m/n on input line 12.
LaTeX Font Info:    ... okay on input line 12.
LaTeX Font Info:    Checking defaults for OMX/cmex/m/n on input line 12.
LaTeX Font Info:    ... okay on input line 12.
LaTeX Font Info:    Checking defaults for U/cmr/m/n on input line 12.
LaTeX Font Info:    ... okay on input line 12.

*geometry* driver: auto-detecting
*geometry* detected driver: pdftex
*geometry* verbose mode - [ preamble ] result:
* driver: pdftex
* paper: a4paper
* layout: <same size as paper>
* layoutoffset:(h,v)=(0.0pt,0.0pt)
* modes: 
* h-part:(L,W,R)=(71.13188pt, 455.24411pt, 71.13188pt)
* v-part:(T,H,B)=(71.13188pt, 702.78308pt, 71.13188pt)
* \paperwidth=597.50787pt
* \paperheight=845.04684pt
* \textwidth=455.24411pt
* \textheight=702.78308pt
* \oddsidemargin=-1.1381pt
* \evensidemargin=-1.1381pt
* \topmargin=-38.1381pt
* \headheight=12.0pt
* \headsep=25.0pt
* \topskip=12.0pt
* \footskip=30.0pt
* \marginparwidth=35.0pt
* \marginparsep=10.0pt
* \columnsep=10.0pt
* \skip\footins=10.8pt plus 4.0pt minus 2.0pt
* \hoffset=0.0pt
* \voffset=0.0pt
* \mag=1000
* \@twocolumnfalse
* \@twosidefalse
* \@mparswitchfalse
* \@reversemarginfalse
* (1in=72.27pt=25.4mm, 1cm=28.453pt)

(/opt/local/share/texmf-texlive/tex/context/base/supp-pdf.mkii
[Loading MPS to PDF converter (version 2006.09.02).]
\scratchcounter=\count107
\scratchdimen=\dimen129
\scratchbox=\box28
\nofMPsegments=\count108
\nofMParguments=\count109
\everyMPshowfont=\toks23
\MPscratchCnt=\count110
\MPscratchDim=\dimen130
\MPnumerator=\count111
\makeMPintoPDFobject=\count112
\everyMPtoPDFconversion=\toks24
) (/opt/local/share/texmf-texlive/tex/generic/oberdiek/pdftexcmds.sty
Package: pdftexcmds 2011/11/29 v0.20 Utility functions of pdfTeX for LuaTeX (HO
)

(/opt/local/share/texmf-texlive/tex/generic/oberdiek/ifluatex.sty
Package: ifluatex 2010/03/01 v1.3 Provides the ifluatex switch (HO)
Package ifluatex Info: LuaTeX not detected.
)
Package pdftexcmds Info: LuaTeX not detected.
Package pdftexcmds Info: \pdf@primitive is available.
Package pdftexcmds Info: \pdf@ifprimitive is available.
Package pdftexcmds Info: \pdfdraftmode found.
)
(/opt/local/share/texmf-texlive/tex/latex/oberdiek/epstopdf-base.sty
Package: epstopdf-base 2010/02/09 v2.5 Base part for package epstopdf

(/opt/local/share/texmf-texlive/tex/latex/oberdiek/grfext.sty
Package: grfext 2010/08/19 v1.1 Manage graphics extensions (HO)

(/opt/local/share/texmf-texlive/tex/generic/oberdiek/kvdefinekeys.sty
Package: kvdefinekeys 2011/04/07 v1.3 Define keys (HO)
))
(/opt/local/share/texmf-texlive/tex/latex/oberdiek/kvoptions.sty
Package: kvoptions 2011/06/30 v3.11 Key value format for package options (HO)

(/opt/local/share/texmf-texlive/tex/generic/oberdiek/kvsetkeys.sty
Package: kvsetkeys 2012/04/25 v1.16 Key value parser (HO)

(/opt/local/share/texmf-texlive/tex/generic/oberdiek/etexcmds.sty
Package: etexcmds 2011/02/16 v1.5 Avoid name clashes with e-TeX commands (HO)
Package etexcmds Info: Could not find \expanded.
(etexcmds)             That can mean that you are not using pdfTeX 1.50 or
(etexcmds)             that some package has redefined \expanded.
(etexcmds)             In the latter case, load this package earlier.
)))
Package grfext Info: Graphics extension search list:
(grfext)             [.png,.pdf,.jpg,.mps,.jpeg,.jbig2,.jb2,.PNG,.PDF,.JPG,.JPE
G,.JBIG2,.JB2,.eps]
(grfext)             \AppendGraphicsExtensions on input line 452.

(/opt/local/share/texmf-texlive/tex/latex/latexconfig/epstopdf-sys.cfg
File: epstopdf-sys.cfg 2010/07/13 v1.3 Configuration of (r)epstopdf for TeX Liv
e
))
Package caption Info: Begin \AtBeginDocument code.
Package caption Info: End \AtBeginDocument code.

Chapter 1.

LaTeX Warning: Citation `b68' on page 1 undefined on input line 15.


LaTeX Warning: Citation `b64' on page 1 undefined on input line 15.


LaTeX Warning: Citation `b69' on page 1 undefined on input line 15.


LaTeX Warning: Citation `b65' on page 1 undefined on input line 15.


LaTeX Warning: Citation `b70' on page 1 undefined on input line 15.


LaTeX Warning: Citation `b66' on page 1 undefined on input line 15.


LaTeX Warning: Citation `b67' on page 1 undefined on input line 15.


LaTeX Warning: Citation `b5' on page 1 undefined on input line 17.

LaTeX Font Info:    Try loading font information for U+msa on input line 17.
(/opt/local/share/texmf-texlive/tex/latex/amsfonts/umsa.fd
File: umsa.fd 2013/01/14 v3.01 AMS symbols A
)
LaTeX Font Info:    Try loading font information for U+msb on input line 17.

(/opt/local/share/texmf-texlive/tex/latex/amsfonts/umsb.fd
File: umsb.fd 2013/01/14 v3.01 AMS symbols B
)

LaTeX Warning: Citation `b46' on page 1 undefined on input line 17.


LaTeX Warning: Citation `b62' on page 1 undefined on input line 17.


LaTeX Warning: Citation `b58' on page 1 undefined on input line 17.


LaTeX Warning: Citation `b63' on page 1 undefined on input line 17.


LaTeX Warning: Citation `b58' on page 1 undefined on input line 17.


LaTeX Warning: Citation `b60' on page 1 undefined on input line 17.


LaTeX Warning: Citation `b45' on page 1 undefined on input line 17.


LaTeX Warning: Citation `b61' on page 1 undefined on input line 17.

[1


{/opt/local/var/db/texmf/fonts/map/pdftex/updmap/pdftex.map}]

LaTeX Warning: Citation `b8' on page 2 undefined on input line 29.


LaTeX Warning: Citation `b1' on page 2 undefined on input line 29.

<images/strucure-zig-flat.png, id=11, 405.515pt x 419.5675pt>
File: images/strucure-zig-flat.png Graphic file (type png)

<use images/strucure-zig-flat.png>
Package pdftex.def Info: images/strucure-zig-flat.png used on input line 32.
(pdftex.def)             Requested size: 202.75699pt x 209.78323pt.

<images/strucure-bz-zig-flat.png, id=13, 501.875pt x 501.875pt>
File: images/strucure-bz-zig-flat.png Graphic file (type png)

<use images/strucure-bz-zig-flat.png>
Package pdftex.def Info: images/strucure-bz-zig-flat.png used on input line 37.

(pdftex.def)             Requested size: 210.78606pt x 210.78606pt.

Overfull \hbox (6.36137pt too wide) in paragraph at lines 31--40
[]$[]$   $[]$ 
 []


LaTeX Warning: Citation `b1' on page 2 undefined on input line 46.

[2 <./images/strucure-zig-flat.png> <./images/strucure-bz-zig-flat.png>]

LaTeX Warning: Citation `b1' on page 3 undefined on input line 54.

<images/strucure-arm-flat.png, id=22, 445.665pt x 433.62pt>
File: images/strucure-arm-flat.png Graphic file (type png)

<use images/strucure-arm-flat.png>
Package pdftex.def Info: images/strucure-arm-flat.png used on input line 76.
(pdftex.def)             Requested size: 222.83195pt x 216.80946pt.

<images/strucure-bz-arm-flat.png, id=23, 501.875pt x 501.875pt>
File: images/strucure-bz-arm-flat.png Graphic file (type png)

<use images/strucure-bz-arm-flat.png>
Package pdftex.def Info: images/strucure-bz-arm-flat.png used on input line 81.

(pdftex.def)             Requested size: 215.80203pt x 215.80203pt.

Overfull \hbox (6.36137pt too wide) in paragraph at lines 75--84
[]$[]$   $[]$ 
 []


LaTeX Warning: Citation `b55' on page 3 undefined on input line 87.


LaTeX Warning: `h' float specifier changed to `ht'.

<images/tight-binding-flat.png, id=24, 633.36626pt x 353.32pt>
File: images/tight-binding-flat.png Graphic file (type png)

<use images/tight-binding-flat.png>
Package pdftex.def Info: images/tight-binding-flat.png used on input line 117.
(pdftex.def)             Requested size: 316.68236pt x 176.65956pt.
File: images/tight-binding-flat.png Graphic file (type png)
 <use images/tight-binding-flat.png>
Package pdftex.def Info: images/tight-binding-flat.png used on input line 117.
(pdftex.def)             Requested size: 316.68236pt x 176.65956pt.

[3]

LaTeX Warning: `h' float specifier changed to `ht'.


LaTeX Warning: Citation `b44' on page 4 undefined on input line 126.

[4 <./images/strucure-arm-flat.png> <./images/strucure-bz-arm-flat.png>]
[5 <./images/tight-binding-flat.png>] [6]

LaTeX Warning: Citation `b8' on page 7 undefined on input line 224.


LaTeX Warning: Citation `b11' on page 7 undefined on input line 224.

<images/tight-binding.png, id=43, 594.22pt x 229.85875pt>
File: images/tight-binding.png Graphic file (type png)

<use images/tight-binding.png>
Package pdftex.def Info: images/tight-binding.png used on input line 230.
(pdftex.def)             Requested size: 356.53474pt x 137.91629pt.
 [7 <./images/tight-binding.png (PNG copy)>]
[8]

LaTeX Warning: Citation `b1' on page 9 undefined on input line 288.

<images/tb-second.png, id=51, 660.4675pt x 216.81pt>
File: images/tb-second.png Graphic file (type png)

<use images/tb-second.png>
Package pdftex.def Info: images/tb-second.png used on input line 290.
(pdftex.def)             Requested size: 396.28355pt x 130.08699pt.
 [9 <./images/tb-second.png (PNG copy)>]

LaTeX Warning: Citation `b2' on page 10 undefined on input line 335.


LaTeX Warning: Citation `b4' on page 10 undefined on input line 335.


LaTeX Warning: Citation `b8' on page 10 undefined on input line 346.


LaTeX Warning: Citation `b1' on page 10 undefined on input line 346.


LaTeX Warning: Citation `b47' on page 10 undefined on input line 346.

[10]

LaTeX Warning: Citation `b41' on page 11 undefined on input line 380.


Overfull \hbox (0.93866pt too wide) in paragraph at lines 386--387
\OT1/cmr/m/n/12 By find-ing the eigen-value of the graphene Hamil-to-nian, the 
dis-per-sion re-la-tion for graphene
 []


LaTeX Warning: Citation `b5' on page 11 undefined on input line 391.


LaTeX Warning: Citation `b55' on page 11 undefined on input line 391.


LaTeX Warning: Citation `b46' on page 11 undefined on input line 391.


LaTeX Warning: Citation `b47' on page 11 undefined on input line 391.


LaTeX Warning: Citation `b4' on page 11 undefined on input line 391.


LaTeX Warning: Citation `b55' on page 11 undefined on input line 391.


LaTeX Warning: Citation `b1' on page 11 undefined on input line 391.


LaTeX Warning: Citation `b59' on page 11 undefined on input line 391.


LaTeX Warning: Citation `b47' on page 11 undefined on input line 391.

<images/dispersion.png, id=59, 579.16376pt x 231.86626pt>
File: images/dispersion.png Graphic file (type png)

<use images/dispersion.png>
Package pdftex.def Info: images/dispersion.png used on input line 395.
(pdftex.def)             Requested size: 289.58116pt x 115.93283pt.

<images/dispersion-m.png, id=60, 579.16376pt x 231.86626pt>
File: images/dispersion-m.png Graphic file (type png)

<use images/dispersion-m.png>
Package pdftex.def Info: images/dispersion-m.png used on input line 400.
(pdftex.def)             Requested size: 289.58116pt x 115.93283pt.


LaTeX Warning: `h' float specifier changed to `ht'.

[11] [12 <./images/dispersion.png (PNG copy)> <./images/dispersion-m.png (PNG c
opy)>]

LaTeX Warning: Citation `b12' on page 13 undefined on input line 611.

[13] <images/oscillitary-psi-a.png, id=72, 361.35pt x 244.915pt>
File: images/oscillitary-psi-a.png Graphic file (type png)

<use images/oscillitary-psi-a.png>
Package pdftex.def Info: images/oscillitary-psi-a.png used on input line 637.
(pdftex.def)             Requested size: 216.81168pt x 146.95012pt.

<images/oscillitary-psi-b.png, id=73, 361.35pt x 244.915pt>
File: images/oscillitary-psi-b.png Graphic file (type png)

<use images/oscillitary-psi-b.png>
Package pdftex.def Info: images/oscillitary-psi-b.png used on input line 643.
(pdftex.def)             Requested size: 216.81168pt x 146.95012pt.
 [14 <./images/oscillitary-psi-a.png (PNG copy)> <./images/oscillitary-psi-b.pn
g (PNG copy)>]

LaTeX Warning: Citation `b3' on page 15 undefined on input line 712.

<images/growth-psi-a.png, id=77, 361.35pt x 256.96pt>
File: images/growth-psi-a.png Graphic file (type png)

<use images/growth-psi-a.png>
Package pdftex.def Info: images/growth-psi-a.png used on input line 715.
(pdftex.def)             Requested size: 216.81168pt x 154.17719pt.

<images/growth-psi-b.png, id=78, 361.35pt x 256.96pt>
File: images/growth-psi-b.png Graphic file (type png)

<use images/growth-psi-b.png>
Package pdftex.def Info: images/growth-psi-b.png used on input line 721.
(pdftex.def)             Requested size: 216.81168pt x 154.17719pt.


LaTeX Warning: Citation `b39' on page 15 undefined on input line 733.

[15] [16 <./images/growth-psi-a.png (PNG copy)> <./images/growth-psi-b.png (PNG
 copy)>]

LaTeX Warning: Citation `b39' on page 17 undefined on input line 787.


LaTeX Warning: Citation `b33' on page 17 undefined on input line 796.

[17]

LaTeX Warning: Reference `Appendix - Quantum Harmonic Oscillator' on page 18 un
defined on input line 843.


LaTeX Warning: Citation `b37' on page 18 undefined on input line 851.


LaTeX Warning: Citation `b53' on page 18 undefined on input line 851.

[18] <images/landau-levels.png, id=91, 361.35pt x 200.75pt>
File: images/landau-levels.png Graphic file (type png)

<use images/landau-levels.png>
Package pdftex.def Info: images/landau-levels.png used on input line 865.
(pdftex.def)             Requested size: 216.81168pt x 120.45091pt.

<images/landau-levels-v-m.png, id=92, 361.35pt x 200.75pt>
File: images/landau-levels-v-m.png Graphic file (type png)

<use images/landau-levels-v-m.png>
Package pdftex.def Info: images/landau-levels-v-m.png used on input line 870.
(pdftex.def)             Requested size: 216.81168pt x 120.45091pt.
 [19 <./images/landau-levels.png (PNG copy)> <./images/landau-levels-v-m.png (P
NG copy)>] [20]
<images/magnetic-psi-a.png, id=102, 361.35pt x 242.9075pt>
File: images/magnetic-psi-a.png Graphic file (type png)

<use images/magnetic-psi-a.png>
Package pdftex.def Info: images/magnetic-psi-a.png used on input line 969.
(pdftex.def)             Requested size: 216.81168pt x 145.7456pt.

<images/magnetic-psi-b.png, id=103, 361.35pt x 237.88875pt>
File: images/magnetic-psi-b.png Graphic file (type png)

<use images/magnetic-psi-b.png>
Package pdftex.def Info: images/magnetic-psi-b.png used on input line 975.
(pdftex.def)             Requested size: 216.81168pt x 142.73433pt.


LaTeX Warning: Citation `b3' on page 21 undefined on input line 989.

[21 <./images/magnetic-psi-a.png (PNG copy)> <./images/magnetic-psi-b.png (PNG 
copy)>]

LaTeX Warning: Citation `b3' on page 22 undefined on input line 1009.


LaTeX Warning: Citation `b6' on page 22 undefined on input line 1028.

<images/current.png, id=107, 874.26625pt x 204.765pt>
File: images/current.png Graphic file (type png)
 <use images/current.png>
Package pdftex.def Info: images/current.png used on input line 1030.
(pdftex.def)             Requested size: 437.13205pt x 102.38223pt.


LaTeX Warning: `h' float specifier changed to `ht'.

[22] [23 <./images/current.png>]

LaTeX Warning: Citation `b7' on page 24 undefined on input line 1092.


Overfull \hbox (10.72168pt too wide) in paragraph at lines 1091--1093
\OT1/cmr/m/n/12 At zero tem-per-a-ture and with small volt-ages across the sour
ce-drain $[]$ be-comes $\OML/cmm/m/it/12 ^^N []$\OT1/cmr/m/n/12 ,
 []


LaTeX Warning: Citation `b6' on page 24 undefined on input line 1105.

[24]

LaTeX Warning: Citation `b1' on page 25 undefined on input line 1116.


LaTeX Warning: Citation `b9' on page 25 undefined on input line 1135.


LaTeX Warning: Citation `b10' on page 25 undefined on input line 1135.

[25] [26]

LaTeX Warning: Citation `b7' on page 27 undefined on input line 1166.


LaTeX Warning: Citation `b6' on page 27 undefined on input line 1166.


LaTeX Warning: Citation `b11' on page 27 undefined on input line 1176.


LaTeX Warning: Citation `b14' on page 27 undefined on input line 1176.


LaTeX Warning: Citation `b15' on page 27 undefined on input line 1176.


LaTeX Warning: Citation `b4' on page 27 undefined on input line 1176.


LaTeX Warning: Citation `b13' on page 27 undefined on input line 1176.


LaTeX Warning: Citation `b16' on page 27 undefined on input line 1176.

[27] (./introduction.aux)

LaTeX Warning: There were undefined references.


LaTeX Warning: There were multiply-defined labels.

 ) 
Here is how much of TeX's memory you used:
 4463 strings out of 493117
 65612 string characters out of 6137198
 142031 words of memory out of 5000000
 7847 multiletter control sequences out of 15000+600000
 11957 words of font info for 45 fonts, out of 8000000 for 9000
 1141 hyphenation exceptions out of 8191
 38i,16n,38p,1827b,463s stack positions out of 5000i,500n,10000p,200000b,80000s
</opt/local/share/texmf-texlive/fonts/type1/public/amsfonts/cm/cmbx12.pfb></o
pt/local/share/texmf-texlive/fonts/type1/public/amsfonts/cm/cmex10.pfb></opt/lo
cal/share/texmf-texlive/fonts/type1/public/amsfonts/cmextra/cmex8.pfb></opt/loc
al/share/texmf-texlive/fonts/type1/public/amsfonts/cm/cmmi10.pfb></opt/local/sh
are/texmf-texlive/fonts/type1/public/amsfonts/cm/cmmi12.pfb></opt/local/share/t
exmf-texlive/fonts/type1/public/amsfonts/cm/cmmi6.pfb></opt/local/share/texmf-t
exlive/fonts/type1/public/amsfonts/cm/cmmi8.pfb></opt/local/share/texmf-texlive
/fonts/type1/public/amsfonts/cm/cmr10.pfb></opt/local/share/texmf-texlive/fonts
/type1/public/amsfonts/cm/cmr12.pfb></opt/local/share/texmf-texlive/fonts/type1
/public/amsfonts/cm/cmr6.pfb></opt/local/share/texmf-texlive/fonts/type1/public
/amsfonts/cm/cmr8.pfb></opt/local/share/texmf-texlive/fonts/type1/public/amsfon
ts/cm/cmsy10.pfb></opt/local/share/texmf-texlive/fonts/type1/public/amsfonts/cm
/cmsy6.pfb></opt/local/share/texmf-texlive/fonts/type1/public/amsfonts/cm/cmsy8
.pfb></opt/local/share/texmf-texlive/fonts/type1/public/amsfonts/symbols/msbm10
.pfb></opt/local/share/texmf-texlive/fonts/type1/public/amsfonts/symbols/msbm7.
pfb>
Output written on introduction.pdf (27 pages, 489838 bytes).
PDF statistics:
 181 PDF objects out of 1000 (max. 8388607)
 110 compressed objects within 2 object streams
 0 named destinations out of 1000 (max. 500000)
 91 words of extra memory for PDF output out of 10000 (max. 10000000)

