This is pdfTeX, Version 3.1415926-2.3-1.40.12 (MiKTeX 2.9) (preloaded format=pdflatex 2012.12.11)  9 MAR 2023 17:39
entering extended mode
**C:/Users/Romilly/Desktop/Physical*Properties*of*Zener*Tunnelling*Nano-devices
*in*Graphene/massive*potential*barrier.tex

("C:/Users/Romilly/Desktop/Physical Properties of Zener Tunnelling Nano-devices
 in Graphene/massive potential barrier.tex"
LaTeX2e <2011/06/27>
Babel <v3.8m> and hyphenation patterns for english, afrikaans, ancientgreek, ar
abic, armenian, assamese, basque, bengali, bokmal, bulgarian, catalan, coptic, 
croatian, czech, danish, dutch, esperanto, estonian, farsi, finnish, french, ga
lician, german, german-x-2009-06-19, greek, gujarati, hindi, hungarian, iceland
ic, indonesian, interlingua, irish, italian, kannada, kurmanji, lao, latin, lat
vian, lithuanian, malayalam, marathi, mongolian, mongolianlmc, monogreek, ngerm
an, ngerman-x-2009-06-19, nynorsk, oriya, panjabi, pinyin, polish, portuguese, 
romanian, russian, sanskrit, serbian, slovak, slovenian, spanish, swedish, swis
sgerman, tamil, telugu, turkish, turkmen, ukenglish, ukrainian, uppersorbian, u
senglishmax, welsh, loaded.
("C:\Program Files (x86)\MiKTeX 2.9\tex\latex\revtex4\revtex4.cls"
Document Class: revtex4 2001/08/03 v4.0 (http://publish.aps.org/revtex4/ for do
cumentation)
 Copyright (c) 2001 The American Physical Society.
 mailto:revtex@aps.org
 Licensed under the LPPL:
http://www.ctan.org/tex-archive/macros/latex/base/lppl.txt
 Arthur Ogawa <ogawa@teleport.com>
 Based on work by David Carlisle <david@dcarlisle.demon.co.uk>.
ltxutil: portions licensed from W. E. Baxter (web@superscript.com)
Class revtex4 Info: Repairing broken LateX \@sect on input line 596.
\intertabularlinepenalty=\count79
\@tbpen=\count80
\@arstrutbox@hline=\box26
Class revtex4 Info: Repairing broken LaTeX \@xbitor on input line 1610.
ltxgrid: portions licensed from W. E. Baxter (web@superscript.com)
\c@linecount=\count81
\output=\toks14
\@protection@box=\box27
\@topmark@saved=\toks15
\footins@saved=\box28
\pagesofar=\box29
\footbox=\box30
\pagegrid@col=\count82
Class revtex4 Info: Incorporating package {textcase}  [1998/11/12 v0.06 Text on
ly upper/lower case changing (DPC)]. on input line 3682.
("C:\Program Files (x86)\MiKTeX 2.9\tex\latex\ltxmisc\url.sty"
\Urlmuskip=\muskip10
Package: url 2006/04/12  ver 3.3  Verb mode for urls, etc.
)
\c@affil=\count83
\absbox=\box31
\c@part=\count84
\c@section=\count85
\c@subsection=\count86
\c@subsubsection=\count87
\c@paragraph=\count88
\c@subparagraph=\count89
\abovecaptionskip=\skip41
\belowcaptionskip=\skip42
\c@figure=\count90
\c@table=\count91

("C:\Program Files (x86)\MiKTeX 2.9\tex\latex\natbib\natbib.sty"
Package: natbib 2010/09/13 8.31b (PWD, AO)
\bibhang=\skip43
\bibsep=\skip44
LaTeX Info: Redefining \cite on input line 694.
\c@NAT@ctr=\count92
)
\widetext@top=\box32
\widetext@bot=\box33

("C:\Program Files (x86)\MiKTeX 2.9\tex\latex\revtex4\revsymb.sty"
Package: revsymb 2001/08/03 v4.0 (http://publish.aps.org/revtex4/ for documenta
tion)
LaTeX Info: Redefining \REV@mathfrak on input line 118.
))
("C:\Program Files (x86)\MiKTeX 2.9\tex\latex\revtex4\aps.rtx"
File: aps.rtx 2001/08/03 v4.0 (http://publish.aps.org/revtex4/ for documentatio
n)
)
("C:\Program Files (x86)\MiKTeX 2.9\tex\latex\revtex4\10pt.rtx"
File: 10pt.rtx 2001/08/03 v4.0 (http://publish.aps.org/revtex4/ for documentati
on)
)
("C:\Program Files (x86)\MiKTeX 2.9\tex\latex\ams\math\amsmath.sty"
Package: amsmath 2000/07/18 v2.13 AMS math features
\@mathmargin=\skip45

For additional information on amsmath, use the `?' option.
("C:\Program Files (x86)\MiKTeX 2.9\tex\latex\ams\math\amstext.sty"
Package: amstext 2000/06/29 v2.01

("C:\Program Files (x86)\MiKTeX 2.9\tex\latex\ams\math\amsgen.sty"
File: amsgen.sty 1999/11/30 v2.0
\@emptytoks=\toks16
\ex@=\dimen102
))
("C:\Program Files (x86)\MiKTeX 2.9\tex\latex\ams\math\amsbsy.sty"
Package: amsbsy 1999/11/29 v1.2d
\pmbraise@=\dimen103
)
("C:\Program Files (x86)\MiKTeX 2.9\tex\latex\ams\math\amsopn.sty"
Package: amsopn 1999/12/14 v2.01 operator names
)
\inf@bad=\count93
LaTeX Info: Redefining \frac on input line 211.
\uproot@=\count94
\leftroot@=\count95
LaTeX Info: Redefining \overline on input line 307.
\classnum@=\count96
\DOTSCASE@=\count97
LaTeX Info: Redefining \ldots on input line 379.
LaTeX Info: Redefining \dots on input line 382.
LaTeX Info: Redefining \cdots on input line 467.
\Mathstrutbox@=\box34
\strutbox@=\box35
\big@size=\dimen104
LaTeX Font Info:    Redeclaring font encoding OML on input line 567.
LaTeX Font Info:    Redeclaring font encoding OMS on input line 568.
\macc@depth=\count98
\c@MaxMatrixCols=\count99
\dotsspace@=\muskip11
\c@parentequation=\count100
\dspbrk@lvl=\count101
\tag@help=\toks17
\row@=\count102
\column@=\count103
\maxfields@=\count104
\andhelp@=\toks18
\eqnshift@=\dimen105
\alignsep@=\dimen106
\tagshift@=\dimen107
\tagwidth@=\dimen108
\totwidth@=\dimen109
\lineht@=\dimen110
\@envbody=\toks19
\multlinegap=\skip46
\multlinetaggap=\skip47
\mathdisplay@stack=\toks20
LaTeX Info: Redefining \[ on input line 2666.
LaTeX Info: Redefining \] on input line 2667.
)
("C:\Program Files (x86)\MiKTeX 2.9\tex\latex\amsfonts\amssymb.sty"
Package: amssymb 2009/06/22 v3.00

("C:\Program Files (x86)\MiKTeX 2.9\tex\latex\amsfonts\amsfonts.sty"
Package: amsfonts 2009/06/22 v3.00 Basic AMSFonts support
\symAMSa=\mathgroup4
\symAMSb=\mathgroup5
LaTeX Font Info:    Overwriting math alphabet `\mathfrak' in version `bold'
(Font)                  U/euf/m/n --> U/euf/b/n on input line 96.
LaTeX Info: Redefining \frak on input line 99.
LaTeX Info: Redefining \Bbb on input line 101.
))
("C:\Program Files (x86)\MiKTeX 2.9\tex\latex\graphics\graphicx.sty"
Package: graphicx 1999/02/16 v1.0f Enhanced LaTeX Graphics (DPC,SPQR)

("C:\Program Files (x86)\MiKTeX 2.9\tex\latex\graphics\keyval.sty"
Package: keyval 1999/03/16 v1.13 key=value parser (DPC)
\KV@toks@=\toks21
)
("C:\Program Files (x86)\MiKTeX 2.9\tex\latex\graphics\graphics.sty"
Package: graphics 2009/02/05 v1.0o Standard LaTeX Graphics (DPC,SPQR)

("C:\Program Files (x86)\MiKTeX 2.9\tex\latex\graphics\trig.sty"
Package: trig 1999/03/16 v1.09 sin cos tan (DPC)
)
("C:\Program Files (x86)\MiKTeX 2.9\tex\latex\00miktex\graphics.cfg"
File: graphics.cfg 2007/01/18 v1.5 graphics configuration of teTeX/TeXLive
)
Package graphics Info: Driver file: pdftex.def on input line 91.

("C:\Program Files (x86)\MiKTeX 2.9\tex\latex\pdftex-def\pdftex.def"
File: pdftex.def 2011/05/27 v0.06d Graphics/color for pdfTeX

("C:\Program Files (x86)\MiKTeX 2.9\tex\generic\oberdiek\infwarerr.sty"
Package: infwarerr 2010/04/08 v1.3 Providing info/warning/error messages (HO)
)
("C:\Program Files (x86)\MiKTeX 2.9\tex\generic\oberdiek\ltxcmds.sty"
Package: ltxcmds 2011/11/09 v1.22 LaTeX kernel commands for general use (HO)
)
\Gread@gobject=\count105
))
\Gin@req@height=\dimen111
\Gin@req@width=\dimen112
)
("C:\Users\Romilly\Desktop\Physical Properties of Zener Tunnelling Nano-devices
 in Graphene\massive potential barrier.aux"

LaTeX Warning: Label `current-dos' multiply defined.

)
LaTeX Font Info:    Checking defaults for OML/cmm/m/it on input line 8.
LaTeX Font Info:    ... okay on input line 8.
LaTeX Font Info:    Checking defaults for T1/cmr/m/n on input line 8.
LaTeX Font Info:    ... okay on input line 8.
LaTeX Font Info:    Checking defaults for OT1/cmr/m/n on input line 8.
LaTeX Font Info:    ... okay on input line 8.
LaTeX Font Info:    Checking defaults for OMS/cmsy/m/n on input line 8.
LaTeX Font Info:    ... okay on input line 8.
LaTeX Font Info:    Checking defaults for OMX/cmex/m/n on input line 8.
LaTeX Font Info:    ... okay on input line 8.
LaTeX Font Info:    Checking defaults for U/cmr/m/n on input line 8.
LaTeX Font Info:    ... okay on input line 8.
Class revtex4 Info: Patching LaTeX tabular. on input line 8.
Class revtex4 Info: cite was not loaded (OK!) on input line 8.
Class revtex4 Info: multicol was not loaded (OK!) on input line 8.
 ("C:\Program Files (x86)\MiKTeX 2.9\tex\context\base\supp-pdf.mkii"
[Loading MPS to PDF converter (version 2006.09.02).]
\scratchcounter=\count106
\scratchdimen=\dimen113
\scratchbox=\box36
\nofMPsegments=\count107
\nofMParguments=\count108
\everyMPshowfont=\toks22
\MPscratchCnt=\count109
\MPscratchDim=\dimen114
\MPnumerator=\count110
\makeMPintoPDFobject=\count111
\everyMPtoPDFconversion=\toks23
)
LaTeX Font Info:    Try loading font information for U+msa on input line 23.
 ("C:\Program Files (x86)\MiKTeX 2.9\tex\latex\amsfonts\umsa.fd"
File: umsa.fd 2009/06/22 v3.00 AMS symbols A
)
LaTeX Font Info:    Try loading font information for U+msb on input line 23.

("C:\Program Files (x86)\MiKTeX 2.9\tex\latex\amsfonts\umsb.fd"
File: umsb.fd 2009/06/22 v3.00 AMS symbols B
) [1{C:/Users/Romilly/AppData/Local/MiKTeX/2.9/pdftex/config/pdftex.map}]
<rectangular-step-flat.png, id=14, 1204.5pt x 722.7pt>
File: rectangular-step-flat.png Graphic file (type png)

<use rectangular-step-flat.png>
Package pdftex.def Info: rectangular-step-flat.png used on input line 108.
(pdftex.def)             Requested size: 240.89574pt x 144.53743pt.
 [2 <C:/Users/Romilly/Desktop/Physical Properties of Zener Tunnelling Nano-devi
ces in Graphene/rectangular-step-flat.png>]
<step-t-flat-2.png, id=32, 1204.5pt x 943.525pt>
File: step-t-flat-2.png Graphic file (type png)
 <use step-t-flat-2.png>
Package pdftex.def Info: step-t-flat-2.png used on input line 181.
(pdftex.def)             Requested size: 240.89574pt x 188.70164pt.

<asy-flat.png, id=33, 1204.5pt x 722.7pt>
File: asy-flat.png Graphic file (type png)
 <use asy-flat.png>
Package pdftex.def Info: asy-flat.png used on input line 196.
(pdftex.def)             Requested size: 240.89574pt x 144.53743pt.

<double-step-regions-flat.png, id=34, 1204.5pt x 1204.5pt>
File: double-step-regions-flat.png Graphic file (type png)

<use double-step-regions-flat.png>
Package pdftex.def Info: double-step-regions-flat.png used on input line 201.
(pdftex.def)             Requested size: 240.89574pt x 240.89574pt.
 [3 <C:/Users/Romilly/Desktop/Physical Properties of Zener Tunnelling Nano-devi
ces in Graphene/step-t-flat-2.png>]
Overfull \hbox (3.0411pt too wide) in paragraph at lines 258--258
[] 
 []

[4 <C:/Users/Romilly/Desktop/Physical Properties of Zener Tunnelling Nano-devic
es in Graphene/asy-flat.png> <C:/Users/Romilly/Desktop/Physical Properties of Z
ener Tunnelling Nano-devices in Graphene/double-step-regions-flat.png>]
Overfull \hbox (1.99147pt too wide) in paragraph at lines 329--329
[] 
 []

<asy-t-flat.png, id=44, 1204.5pt x 943.525pt>
File: asy-t-flat.png Graphic file (type png)
 <use asy-t-flat.png>
Package pdftex.def Info: asy-t-flat.png used on input line 332.
(pdftex.def)             Requested size: 240.89574pt x 188.70164pt.
 [5 <C:/Users/Romilly/Desktop/Physical Properties of Zener Tunnelling Nano-devi
ces in Graphene/asy-t-flat.png>] <transistor-flat.png, id=49, 1204.5pt x 722.7p
t>
File: transistor-flat.png Graphic file (type png)

<use transistor-flat.png>
Package pdftex.def Info: transistor-flat.png used on input line 412.
(pdftex.def)             Requested size: 240.89574pt x 144.53743pt.
 [6 <C:/Users/Romilly/Desktop/Physical Properties of Zener Tunnelling Nano-devi
ces in Graphene/transistor-flat.png>]
<step-i-flat.png, id=56, 1204.5pt x 752.8125pt>
File: step-i-flat.png Graphic file (type png)
 <use step-i-flat.png>
Package pdftex.def Info: step-i-flat.png used on input line 437.
(pdftex.def)             Requested size: 240.89574pt x 150.55983pt.

<step-g-flat.png, id=57, 1204.5pt x 356.33125pt>
File: step-g-flat.png Graphic file (type png)
 <use step-g-flat.png>
Package pdftex.def Info: step-g-flat.png used on input line 442.
(pdftex.def)             Requested size: 240.89574pt x 71.26498pt.

<asy-i-flat.png, id=58, 1204.5pt x 740.7675pt>
File: asy-i-flat.png Graphic file (type png)
 <use asy-i-flat.png>
Package pdftex.def Info: asy-i-flat.png used on input line 454.
(pdftex.def)             Requested size: 240.89574pt x 148.15086pt.

<asy-g-flat.png, id=59, 1204.5pt x 378.41376pt>
File: asy-g-flat.png Graphic file (type png)
 <use asy-g-flat.png>
Package pdftex.def Info: asy-g-flat.png used on input line 460.
(pdftex.def)             Requested size: 240.89574pt x 75.6814pt.
 [7 <C:/Users/Romilly/Desktop/Physical Properties of Zener Tunnelling Nano-devi
ces in Graphene/step-i-flat.png> <C:/Users/Romilly/Desktop/Physical Properties 
of Zener Tunnelling Nano-devices in Graphene/step-g-flat.png> <C:/Users/Romilly
/Desktop/Physical Properties of Zener Tunnelling Nano-devices in Graphene/asy-i
-flat.png> <C:/Users/Romilly/Desktop/Physical Properties of Zener Tunnelling Na
no-devices in Graphene/asy-g-flat.png>] <exp-a-flat.png, id=68, 602.25pt x 1164
.35pt>
File: exp-a-flat.png Graphic file (type png)

<use exp-a-flat.png>
Package pdftex.def Info: exp-a-flat.png used on input line 477.
(pdftex.def)             Requested size: 120.44786pt x 232.86588pt.

Underfull \hbox (badness 1454) in paragraph at lines 478--478
[]\OT1/cmr/m/n/9 FIG. 11: Com-par-i-son of the-o-ret-i-cal model for in-fi-nite

 []


Underfull \hbox (badness 2269) in paragraph at lines 482--483
\OT1/cmr/m/n/10 places a graphene nanorib-bon bridge-ing two large
 []

<exp-b-flat.png, id=69, 602.25pt x 360.34625pt>
File: exp-b-flat.png Graphic file (type png)
 <use exp-b-flat.png>
Package pdftex.def Info: exp-b-flat.png used on input line 488.
(pdftex.def)             Requested size: 120.44786pt x 72.06796pt.

Underfull \hbox (badness 1454) in paragraph at lines 489--489
[]\OT1/cmr/m/n/9 FIG. 12: Com-par-i-son of the-o-ret-i-cal model for in-fi-nite

 []

<exp-c-flat.png, id=70, 1204.5pt x 366.36874pt>
File: exp-c-flat.png Graphic file (type png)
 <use exp-c-flat.png>
Package pdftex.def Info: exp-c-flat.png used on input line 495.
(pdftex.def)             Requested size: 240.89574pt x 73.27245pt.

Underfull \hbox (badness 1454) in paragraph at lines 496--496
[]\OT1/cmr/m/n/9 FIG. 13: Com-par-i-son of the-o-ret-i-cal model for in-fi-nite

 []

[8 <C:/Users/Romilly/Desktop/Physical Properties of Zener Tunnelling Nano-devic
es in Graphene/exp-a-flat.png> <C:/Users/Romilly/Desktop/Physical Properties of
 Zener Tunnelling Nano-devices in Graphene/exp-b-flat.png>]
<exp-d-flat.png, id=76, 602.25pt x 378.41376pt>
File: exp-d-flat.png Graphic file (type png)
 <use exp-d-flat.png>
Package pdftex.def Info: exp-d-flat.png used on input line 504.
(pdftex.def)             Requested size: 120.44786pt x 75.6814pt.

Underfull \hbox (badness 1454) in paragraph at lines 505--505
[]\OT1/cmr/m/n/9 FIG. 14: Com-par-i-son of the-o-ret-i-cal model for in-fi-nite

 []

[9 <C:/Users/Romilly/Desktop/Physical Properties of Zener Tunnelling Nano-devic
es in Graphene/exp-c-flat.png> <C:/Users/Romilly/Desktop/Physical Properties of
 Zener Tunnelling Nano-devices in Graphene/exp-d-flat.png>] [10]
Missing character: There is no â in font cmr9!
Missing character: There is no € in font cmr9!
Missing character: There is no “ in font cmr9!
Missing character: There is no â in font cmr9!
Missing character: There is no € in font cmr9!
Missing character: There is no “ in font cmr9!

<current.png, id=85, 476.78125pt x 419.5675pt>
File: current.png Graphic file (type png)
 <use current.png>
Package pdftex.def Info: current.png used on input line 719.
(pdftex.def)             Requested size: 238.39003pt x 209.78323pt.


LaTeX Warning: `h' float specifier changed to `ht'.

[11 <C:/Users/Romilly/Desktop/Physical Properties of Zener Tunnelling Nano-devi
ces in Graphene/current.png>]
Underfull \hbox (badness 6792) in paragraph at lines 757--759
\OT1/cmr/m/n/10 re-flected charge car-ri-ers $[] [] []$.
 []


Underfull \hbox (badness 10000) in paragraph at lines 757--759
\OT1/cmr/m/n/10 The num-ber of un-oc-cu-pied states is then
 []


Underfull \hbox (badness 5924) in paragraph at lines 757--759
$[] [] []$\OT1/cmr/m/n/10 . The num-ber of
 []

[12] [13]
("C:\Users\Romilly\Desktop\Physical Properties of Zener Tunnelling Nano-devices
 in Graphene\massive potential barrier.aux")

LaTeX Warning: There were multiply-defined labels.

 ) 
Here is how much of TeX's memory you used:
 3824 strings out of 494045
 48522 string characters out of 3145962
 133131 words of memory out of 3000000
 7081 multiletter control sequences out of 15000+200000
 13117 words of font info for 49 fonts, out of 3000000 for 9000
 715 hyphenation exceptions out of 8191
 29i,15n,27p,1666b,386s stack positions out of 5000i,500n,10000p,200000b,50000s
<C:/Program Files (x86)/MiKTeX 2.9/fonts/type1/public/amsfonts/cm/cmbx10.pfb>
<C:/Program Files (x86)/MiKTeX 2.9/fonts/type1/public/amsfonts/cm/cmbx12.pfb><C
:/Program Files (x86)/MiKTeX 2.9/fonts/type1/public/amsfonts/cm/cmbx9.pfb><C:/P
rogram Files (x86)/MiKTeX 2.9/fonts/type1/public/amsfonts/cm/cmex10.pfb><C:/Pro
gram Files (x86)/MiKTeX 2.9/fonts/type1/public/amsfonts/cm/cmmi10.pfb><C:/Progr
am Files (x86)/MiKTeX 2.9/fonts/type1/public/amsfonts/cm/cmmi5.pfb><C:/Program 
Files (x86)/MiKTeX 2.9/fonts/type1/public/amsfonts/cm/cmmi6.pfb><C:/Program Fil
es (x86)/MiKTeX 2.9/fonts/type1/public/amsfonts/cm/cmmi7.pfb><C:/Program Files 
(x86)/MiKTeX 2.9/fonts/type1/public/amsfonts/cm/cmmi9.pfb><C:/Program Files (x8
6)/MiKTeX 2.9/fonts/type1/public/amsfonts/cm/cmmib10.pfb><C:/Program Files (x86
)/MiKTeX 2.9/fonts/type1/public/amsfonts/cm/cmr10.pfb><C:/Program Files (x86)/M
iKTeX 2.9/fonts/type1/public/amsfonts/cm/cmr5.pfb><C:/Program Files (x86)/MiKTe
X 2.9/fonts/type1/public/amsfonts/cm/cmr6.pfb><C:/Program Files (x86)/MiKTeX 2.
9/fonts/type1/public/amsfonts/cm/cmr7.pfb><C:/Program Files (x86)/MiKTeX 2.9/fo
nts/type1/public/amsfonts/cm/cmr9.pfb><C:/Program Files (x86)/MiKTeX 2.9/fonts/
type1/public/amsfonts/cm/cmsy10.pfb><C:/Program Files (x86)/MiKTeX 2.9/fonts/ty
pe1/public/amsfonts/cm/cmsy5.pfb><C:/Program Files (x86)/MiKTeX 2.9/fonts/type1
/public/amsfonts/cm/cmsy7.pfb><C:/Program Files (x86)/MiKTeX 2.9/fonts/type1/pu
blic/amsfonts/cm/cmsy9.pfb><C:/Program Files (x86)/MiKTeX 2.9/fonts/type1/publi
c/amsfonts/cm/cmti7.pfb><C:/Program Files (x86)/MiKTeX 2.9/fonts/type1/public/a
msfonts/cm/cmti9.pfb><C:/Program Files (x86)/MiKTeX 2.9/fonts/type1/public/amsf
onts/symbols/msbm10.pfb><C:/Program Files (x86)/MiKTeX 2.9/fonts/type1/public/a
msfonts/symbols/msbm7.pfb>
Output written on "massive potential barrier.pdf" (13 pages, 1333739 bytes).
PDF statistics:
 168 PDF objects out of 1000 (max. 8388607)
 0 named destinations out of 1000 (max. 500000)
 76 words of extra memory for PDF output out of 10000 (max. 10000000)

